#
# A fatal error has been detected by the Java Runtime Environment:
#
#  EXCEPTION_ACCESS_VIOLATION (0xc0000005) at pc=0x00007ffd7bb85120, pid=11252, tid=16164
#
# JRE version: Java(TM) SE Runtime Environment (11.0.6+8) (build 11.0.6+8-LTS)
# Java VM: Java HotSpot(TM) 64-Bit Server VM (11.0.6+8-LTS, mixed mode, tiered, compressed oops, g1 gc, windows-amd64)
# Problematic frame:
# V  [jvm.dll+0x2c5120]
#
# No core dump will be written. Minidumps are not enabled by default on client versions of Windows
#
# If you would like to submit a bug report, please visit:
#   http://bugreport.java.com/bugreport/crash.jsp
#

---------------  S U M M A R Y ------------

Command Line: -Dcom.sun.management.jmxremote -Dcom.sun.management.jmxremote.port=56804 -Dcom.sun.management.jmxremote.authenticate=false -Dcom.sun.management.jmxremote.ssl=false -Djava.rmi.server.hostname=localhost -Dspring.jmx.enabled=true -Dspring.application.admin.enabled=true -Xverify:none -XX:TieredStopAtLevel=1 -Dspring.boot.project.name=curso-spring-parte1 -Dfile.encoding=UTF-8 br.com.daysesoares.CursoSpringParte1Application --spring.output.ansi.enabled=always

Host: Intel(R) Core(TM) i5-4210U CPU @ 1.70GHz, 4 cores, 7G,  Windows 10 , 64 bit Build 18362 (10.0.18362.900)
Time: Sat Jun 20 14:58:47 2020 Hora Padrão de Buenos Aires elapsed time: 22 seconds (0d 0h 0m 22s)

---------------  T H R E A D  ---------------

Current thread (0x000002db3b090800):  VMThread "VM Thread" [stack: 0x000000e0d0200000,0x000000e0d0300000] [id=16164]

Stack: [0x000000e0d0200000,0x000000e0d0300000],  sp=0x000000e0d02fea00,  free space=1018k
Native frames: (J=compiled Java code, j=interpreted, Vv=VM code, C=native code)
V  [jvm.dll+0x2c5120]
V  [jvm.dll+0x1e6f84]
V  [jvm.dll+0x70c040]
V  [jvm.dll+0x2fdb59]
V  [jvm.dll+0x2fc78c]
V  [jvm.dll+0x77dde8]
V  [jvm.dll+0x77d60c]
V  [jvm.dll+0x77bad7]
V  [jvm.dll+0x77c300]
V  [jvm.dll+0x77c607]
V  [jvm.dll+0x733905]
V  [jvm.dll+0x635846]
C  [ucrtbase.dll+0x20e82]
C  [KERNEL32.DLL+0x17bd4]
C  [ntdll.dll+0x6ce51]


siginfo: EXCEPTION_ACCESS_VIOLATION (0xc0000005), reading address 0x000002db00000027


Register to memory mapping:

RIP=0x00007ffd7bb85120 jvm.dll
RAX=0x000002db3caaa710 points into unknown readable memory: 0f 00 00 00 db 02 00 00
RBX=0x000002db1adcfd10 points into unknown readable memory: 00 00 00 00 00 00 00 00
RCX=0x000002db3cae06e0 points into unknown readable memory: 01 00 00 00 00 00 00 00
RDX=0x0 is NULL
RSP=0x000000e0d02fea00 points into unknown readable memory: 20 f0 dd 1a db 02 00 00
RBP=0x0000000000000008 is an unknown value
RSI=0x000002db0000000f is an unknown value
RDI=0x000002db1ade0468 points into unknown readable memory: 00 ea 06 3b db 02 00 00
R8 =0x0 is NULL
R9 =0x0000000000000008 is an unknown value
R10=0x00000000546c6148 is an unknown value
R11=0x000000e0d02feb18 points into unknown readable memory: 84 6f aa 7b fd 7f 00 00
R12=0x000002db3b04bd01 points into unknown readable memory: 00 00 00 00 00 00 00
R13=0x00000000000003d8 is an unknown value
R14=0x0000000000000458 is an unknown value
R15=0x0000000000000001 is an unknown value


Registers:
RAX=0x000002db3caaa710, RBX=0x000002db1adcfd10, RCX=0x000002db3cae06e0, RDX=0x0000000000000000
RSP=0x000000e0d02fea00, RBP=0x0000000000000008, RSI=0x000002db0000000f, RDI=0x000002db1ade0468
R8 =0x0000000000000000, R9 =0x0000000000000008, R10=0x00000000546c6148, R11=0x000000e0d02feb18
R12=0x000002db3b04bd01, R13=0x00000000000003d8, R14=0x0000000000000458, R15=0x0000000000000001
RIP=0x00007ffd7bb85120, EFLAGS=0x0000000000010206

Top of Stack: (sp=0x000000e0d02fea00)
0x000000e0d02fea00:   000002db1addf020 00007ffd7bec8655
0x000000e0d02fea10:   000002db1addf020 00007ffd7bec8991
0x000000e0d02fea20:   0000000000000000 000002db3cae06e0
0x000000e0d02fea30:   0000000000000000 000002db1ade0468
0x000000e0d02fea40:   000002db1addf020 00007ffd7bec8655
0x000000e0d02fea50:   000002db1addf020 00007ffd7be9e6ab
0x000000e0d02fea60:   000002db1ade19d0 00007ffd7be9e6ab
0x000000e0d02fea70:   0000000000000000 00007ffd7bec8705
0x000000e0d02fea80:   0000000000000000 000002db3b090800
0x000000e0d02fea90:   000002db1adcfd10 00007ffd7bb16fa5
0x000000e0d02feaa0:   000002db1ade19d0 00007ffd7be9e6ab
0x000000e0d02feab0:   000002db1addf020 0000000000000000
0x000000e0d02feac0:   0000000000000000 000002db1adcfd10
0x000000e0d02fead0:   000002db1adcfd10 0000000000000001
0x000000e0d02feae0:   0000ccf96e2245da 000002db3b04bd01
0x000000e0d02feaf0:   0000000000000001 0000000000000458 

Instructions: (pc=0x00007ffd7bb85120)
0x00007ffd7bb85100:   48 8b 41 08 48 8b 34 02 48 85 f6 0f 84 a4 01 00
0x00007ffd7bb85110:   00 0f 1f 40 00 66 66 66 0f 1f 84 00 00 00 00 00
0x00007ffd7bb85120:   48 8b 5e 18 45 33 f6 48 85 db 0f 84 68 01 00 00
0x00007ffd7bb85130:   48 8b cb e8 98 65 3a 00 48 85 c0 0f 85 48 01 00 


Stack slot to memory mapping:
stack at sp + 0 slots: 0x000002db1addf020 points into unknown readable memory: 00 00 00 00 00 00 00 00
stack at sp + 1 slots: 0x00007ffd7bec8655 jvm.dll
stack at sp + 2 slots: 0x000002db1addf020 points into unknown readable memory: 00 00 00 00 00 00 00 00
stack at sp + 3 slots: 0x00007ffd7bec8991 jvm.dll
stack at sp + 4 slots: 0x0 is NULL
stack at sp + 5 slots: 0x000002db3cae06e0 points into unknown readable memory: 01 00 00 00 00 00 00 00
stack at sp + 6 slots: 0x0 is NULL
stack at sp + 7 slots: 0x000002db1ade0468 points into unknown readable memory: 00 ea 06 3b db 02 00 00

VM_Operation (0x000000e0cfeff310): CGC_Operation, mode: safepoint, requested by thread 0x000002db1ae16000


---------------  P R O C E S S  ---------------

Threads class SMR info:
_java_thread_list=0x000002db407ca350, length=25, elements={
0x000002db1adcd800, 0x000002db3b0ca000, 0x000002db3b0d3800, 0x000002db3b0c7800,
0x000002db3ba34800, 0x000002db3ba3d800, 0x000002db3ba45800, 0x000002db3b04d000,
0x000002db3bc56800, 0x000002db3cab9000, 0x000002db3caef800, 0x000002db3cafc800,
0x000002db3cb36000, 0x000002db3cc37000, 0x000002db3cc41000, 0x000002db3cea1800,
0x000002db3cf08000, 0x000002db3cf2f800, 0x000002db3ee1e000, 0x000002db3ee1f000,
0x000002db3ee1d800, 0x000002db3ee1a000, 0x000002db3ee19800, 0x000002db3ee1b000,
0x000002db3ee1b800
}

Java Threads: ( => current thread )
  0x000002db1adcd800 JavaThread "main" [_thread_blocked, id=16196, stack(0x000000e0cfc00000,0x000000e0cfd00000)]
  0x000002db3b0ca000 JavaThread "Reference Handler" daemon [_thread_blocked, id=12768, stack(0x000000e0d0300000,0x000000e0d0400000)]
  0x000002db3b0d3800 JavaThread "Finalizer" daemon [_thread_blocked, id=8228, stack(0x000000e0d0400000,0x000000e0d0500000)]
  0x000002db3b0c7800 JavaThread "Signal Dispatcher" daemon [_thread_blocked, id=9940, stack(0x000000e0d0500000,0x000000e0d0600000)]
  0x000002db3ba34800 JavaThread "Attach Listener" daemon [_thread_blocked, id=15276, stack(0x000000e0d0600000,0x000000e0d0700000)]
  0x000002db3ba3d800 JavaThread "C1 CompilerThread0" daemon [_thread_blocked, id=16264, stack(0x000000e0d0700000,0x000000e0d0800000)]
  0x000002db3ba45800 JavaThread "Sweeper thread" daemon [_thread_blocked, id=8252, stack(0x000000e0d0800000,0x000000e0d0900000)]
  0x000002db3b04d000 JavaThread "Common-Cleaner" daemon [_thread_blocked, id=17488, stack(0x000000e0d0900000,0x000000e0d0a00000)]
  0x000002db3bc56800 JavaThread "Service Thread" daemon [_thread_blocked, id=13444, stack(0x000000e0d0a00000,0x000000e0d0b00000)]
  0x000002db3cab9000 JavaThread "RMI TCP Accept-0" daemon [_thread_in_native, id=9824, stack(0x000000e0d0d00000,0x000000e0d0e00000)]
  0x000002db3caef800 JavaThread "RMI TCP Accept-56804" daemon [_thread_in_native, id=13668, stack(0x000000e0d0e00000,0x000000e0d0f00000)]
  0x000002db3cafc800 JavaThread "RMI TCP Accept-0" daemon [_thread_in_native, id=11296, stack(0x000000e0d0f00000,0x000000e0d1000000)]
  0x000002db3cb36000 JavaThread "RMI TCP Connection(1)-127.0.0.1" daemon [_thread_in_native, id=6672, stack(0x000000e0d1100000,0x000000e0d1200000)]
  0x000002db3cc37000 JavaThread "RMI Scheduler(0)" daemon [_thread_blocked, id=11828, stack(0x000000e0d1200000,0x000000e0d1300000)]
  0x000002db3cc41000 JavaThread "RMI TCP Connection(2)-127.0.0.1" daemon [_thread_blocked, id=18160, stack(0x000000e0d1300000,0x000000e0d1400000)]
  0x000002db3cea1800 JavaThread "JMX server connection timeout 19" daemon [_thread_blocked, id=7236, stack(0x000000e0d1400000,0x000000e0d1500000)]
  0x000002db3cf08000 JavaThread "Thread-0" [_thread_blocked, id=15872, stack(0x000000e0d1500000,0x000000e0d1600000)]
  0x000002db3cf2f800 JavaThread "restartedMain" [_thread_blocked, id=14952, stack(0x000000e0d1600000,0x000000e0d1700000)]
  0x000002db3ee1e000 JavaThread "mysql-cj-abandoned-connection-cleanup" daemon [_thread_blocked, id=10496, stack(0x000000e0d1700000,0x000000e0d1800000)]
  0x000002db3ee1f000 JavaThread "HikariPool-1 housekeeper" daemon [_thread_blocked, id=2088, stack(0x000000e0d1900000,0x000000e0d1a00000)]
  0x000002db3ee1d800 JavaThread "HikariPool-1 connection adder" daemon [_thread_blocked, id=17448, stack(0x000000e0d1a00000,0x000000e0d1b00000)]
  0x000002db3ee1a000 JavaThread "Catalina-utility-1" [_thread_blocked, id=3532, stack(0x000000e0d1b00000,0x000000e0d1c00000)]
  0x000002db3ee19800 JavaThread "Catalina-utility-2" [_thread_blocked, id=9064, stack(0x000000e0d1c00000,0x000000e0d1d00000)]
  0x000002db3ee1b000 JavaThread "container-0" [_thread_blocked, id=2012, stack(0x000000e0d1d00000,0x000000e0d1e00000)]
  0x000002db3ee1b800 JavaThread "Live Reload Server" daemon [_thread_in_native, id=5364, stack(0x000000e0d1f00000,0x000000e0d2000000)]

Other Threads:
=>0x000002db3b090800 VMThread "VM Thread" [stack: 0x000000e0d0200000,0x000000e0d0300000] [id=16164]
  0x000002db3cafe000 WatcherThread [stack: 0x000000e0d1000000,0x000000e0d1100000] [id=1436]
  0x000002db1ade4800 GCTaskThread "GC Thread#0" [stack: 0x000000e0cfd00000,0x000000e0cfe00000] [id=9732]
  0x000002db3c608800 GCTaskThread "GC Thread#1" [stack: 0x000000e0d0b00000,0x000000e0d0c00000] [id=9924]
  0x000002db3c609000 GCTaskThread "GC Thread#2" [stack: 0x000000e0d0c00000,0x000000e0d0d00000] [id=18316]
  0x000002db3cf8c800 GCTaskThread "GC Thread#3" [stack: 0x000000e0d1800000,0x000000e0d1900000] [id=17836]
  0x000002db1ae16000 ConcurrentGCThread "G1 Main Marker" [stack: 0x000000e0cfe00000,0x000000e0cff00000] [id=17020]
  0x000002db1ae1b800 ConcurrentGCThread "G1 Conc#0" [stack: 0x000000e0cff00000,0x000000e0d0000000] [id=840]
  0x000002db3af00800 ConcurrentGCThread "G1 Refine#0" [stack: 0x000000e0d0000000,0x000000e0d0100000] [id=1996]
  0x000002db3af01000 ConcurrentGCThread "G1 Young RemSet Sampling" [stack: 0x000000e0d0100000,0x000000e0d0200000] [id=15324]

Threads with active compile tasks:

VM state:at safepoint (normal execution)

VM Mutex/Monitor currently owned by a thread:  ([mutex/lock_event])
[0x000002db1adcb440] Threads_lock - owner thread: 0x000002db3b090800
[0x000002db1adcabd0] Heap_lock - owner thread: 0x000002db1ae16000

Heap address: 0x0000000081c00000, size: 2020 MB, Compressed Oops mode: 32-bit
Narrow klass base: 0x0000000000000000, Narrow klass shift: 3
Compressed class space size: 1073741824 Address: 0x0000000100000000

Heap:
 garbage-first heap   total 131072K, used 39984K [0x0000000081c00000, 0x0000000100000000)
  region size 1024K, 10 young (10240K), 7 survivors (7168K)
 Metaspace       used 58606K, capacity 60144K, committed 60288K, reserved 1101824K
  class space    used 7624K, capacity 8212K, committed 8320K, reserved 1048576K
Heap Regions: E=young(eden), S=young(survivor), O=old, HS=humongous(starts), HC=humongous(continues), CS=collection set, F=free, A=archive, TAMS=top-at-mark-start (previous, next)
|   0|0x0000000081c00000, 0x0000000081d00000, 0x0000000081d00000|100%|HS|  |TAMS 0x0000000081d00000, 0x0000000081d00000| Complete 
|   1|0x0000000081d00000, 0x0000000081e00000, 0x0000000081e00000|100%| O|  |TAMS 0x0000000081e00000, 0x0000000081e00000| Untracked 
|   2|0x0000000081e00000, 0x0000000081f00000, 0x0000000081f00000|100%| O|  |TAMS 0x0000000081f00000, 0x0000000081f00000| Untracked 
|   3|0x0000000081f00000, 0x0000000082000000, 0x0000000082000000|100%| O|  |TAMS 0x0000000082000000, 0x0000000082000000| Untracked 
|   4|0x0000000082000000, 0x0000000082100000, 0x0000000082100000|100%| O|  |TAMS 0x0000000082100000, 0x0000000082100000| Untracked 
|   5|0x0000000082100000, 0x0000000082200000, 0x0000000082200000|100%| O|  |TAMS 0x0000000082200000, 0x0000000082200000| Untracked 
|   6|0x0000000082200000, 0x0000000082300000, 0x0000000082300000|100%| O|  |TAMS 0x0000000082300000, 0x0000000082300000| Untracked 
|   7|0x0000000082300000, 0x0000000082400000, 0x0000000082400000|100%| O|  |TAMS 0x0000000082400000, 0x0000000082400000| Untracked 
|   8|0x0000000082400000, 0x0000000082500000, 0x0000000082500000|100%| O|  |TAMS 0x0000000082500000, 0x0000000082500000| Untracked 
|   9|0x0000000082500000, 0x0000000082600000, 0x0000000082600000|100%| O|  |TAMS 0x0000000082600000, 0x0000000082600000| Untracked 
|  10|0x0000000082600000, 0x0000000082700000, 0x0000000082700000|100%| O|  |TAMS 0x0000000082700000, 0x0000000082700000| Untracked 
|  11|0x0000000082700000, 0x0000000082800000, 0x0000000082800000|100%| O|  |TAMS 0x0000000082800000, 0x0000000082800000| Untracked 
|  12|0x0000000082800000, 0x0000000082900000, 0x0000000082900000|100%| O|  |TAMS 0x0000000082900000, 0x0000000082900000| Untracked 
|  13|0x0000000082900000, 0x0000000082a00000, 0x0000000082a00000|100%| O|  |TAMS 0x0000000082a00000, 0x0000000082a00000| Untracked 
|  14|0x0000000082a00000, 0x0000000082b00000, 0x0000000082b00000|100%| O|  |TAMS 0x0000000082b00000, 0x0000000082b00000| Untracked 
|  15|0x0000000082b00000, 0x0000000082c00000, 0x0000000082c00000|100%| O|  |TAMS 0x0000000082c00000, 0x0000000082c00000| Untracked 
|  16|0x0000000082c00000, 0x0000000082d00000, 0x0000000082d00000|100%| O|  |TAMS 0x0000000082d00000, 0x0000000082d00000| Untracked 
|  17|0x0000000082d00000, 0x0000000082e00000, 0x0000000082e00000|100%| O|  |TAMS 0x0000000082e00000, 0x0000000082e00000| Untracked 
|  18|0x0000000082e00000, 0x0000000082f00000, 0x0000000082f00000|100%| O|  |TAMS 0x0000000082f00000, 0x0000000082f00000| Untracked 
|  19|0x0000000082f00000, 0x0000000083000000, 0x0000000083000000|100%| O|  |TAMS 0x0000000083000000, 0x0000000083000000| Untracked 
|  20|0x0000000083000000, 0x0000000083100000, 0x0000000083100000|100%| O|  |TAMS 0x0000000083100000, 0x0000000083100000| Untracked 
|  21|0x0000000083100000, 0x0000000083200000, 0x0000000083200000|100%| O|  |TAMS 0x0000000083163e00, 0x0000000083200000| Untracked 
|  22|0x0000000083200000, 0x0000000083300000, 0x0000000083300000|100%| O|  |TAMS 0x0000000083200000, 0x0000000083300000| Untracked 
|  23|0x0000000083300000, 0x0000000083400000, 0x0000000083400000|100%| O|  |TAMS 0x0000000083300000, 0x0000000083400000| Untracked 
|  24|0x0000000083400000, 0x0000000083500000, 0x0000000083500000|100%| O|  |TAMS 0x0000000083400000, 0x0000000083500000| Untracked 
|  25|0x0000000083500000, 0x0000000083600000, 0x0000000083600000|100%| O|  |TAMS 0x0000000083500000, 0x0000000083600000| Untracked 
|  26|0x0000000083600000, 0x0000000083700000, 0x0000000083700000|100%| O|  |TAMS 0x0000000083600000, 0x0000000083700000| Untracked 
|  27|0x0000000083700000, 0x0000000083800000, 0x0000000083800000|100%| O|  |TAMS 0x0000000083700000, 0x0000000083800000| Untracked 
|  28|0x0000000083800000, 0x0000000083900000, 0x0000000083900000|100%| O|  |TAMS 0x0000000083800000, 0x0000000083900000| Untracked 
|  29|0x0000000083900000, 0x0000000083a00000, 0x0000000083a00000|100%| O|  |TAMS 0x0000000083900000, 0x0000000083a00000| Untracked 
|  30|0x0000000083a00000, 0x0000000083a89000, 0x0000000083b00000| 53%| O|  |TAMS 0x0000000083a00000, 0x0000000083a89000| Untracked 
|  31|0x0000000083b00000, 0x0000000083b00000, 0x0000000083c00000|  0%| F|  |TAMS 0x0000000083b00000, 0x0000000083b00000| Untracked 
|  32|0x0000000083c00000, 0x0000000083c00000, 0x0000000083d00000|  0%| F|  |TAMS 0x0000000083c00000, 0x0000000083c00000| Untracked 
|  33|0x0000000083d00000, 0x0000000083d00000, 0x0000000083e00000|  0%| F|  |TAMS 0x0000000083d00000, 0x0000000083d00000| Untracked 
|  34|0x0000000083e00000, 0x0000000083e00000, 0x0000000083f00000|  0%| F|  |TAMS 0x0000000083e00000, 0x0000000083e00000| Untracked 
|  35|0x0000000083f00000, 0x0000000083f00000, 0x0000000084000000|  0%| F|  |TAMS 0x0000000083f00000, 0x0000000083f00000| Untracked 
|  36|0x0000000084000000, 0x0000000084000000, 0x0000000084100000|  0%| F|  |TAMS 0x0000000084000000, 0x0000000084000000| Untracked 
|  37|0x0000000084100000, 0x0000000084100000, 0x0000000084200000|  0%| F|  |TAMS 0x0000000084100000, 0x0000000084100000| Untracked 
|  38|0x0000000084200000, 0x0000000084200000, 0x0000000084300000|  0%| F|  |TAMS 0x0000000084200000, 0x0000000084200000| Untracked 
|  39|0x0000000084300000, 0x0000000084300000, 0x0000000084400000|  0%| F|  |TAMS 0x0000000084300000, 0x0000000084300000| Untracked 
|  40|0x0000000084400000, 0x0000000084400000, 0x0000000084500000|  0%| F|  |TAMS 0x0000000084400000, 0x0000000084400000| Untracked 
|  41|0x0000000084500000, 0x0000000084500000, 0x0000000084600000|  0%| F|  |TAMS 0x0000000084500000, 0x0000000084500000| Untracked 
|  42|0x0000000084600000, 0x0000000084600000, 0x0000000084700000|  0%| F|  |TAMS 0x0000000084600000, 0x0000000084600000| Untracked 
|  43|0x0000000084700000, 0x0000000084700000, 0x0000000084800000|  0%| F|  |TAMS 0x0000000084700000, 0x0000000084700000| Untracked 
|  44|0x0000000084800000, 0x0000000084800000, 0x0000000084900000|  0%| F|  |TAMS 0x0000000084800000, 0x0000000084800000| Untracked 
|  45|0x0000000084900000, 0x0000000084900000, 0x0000000084a00000|  0%| F|  |TAMS 0x0000000084900000, 0x0000000084900000| Untracked 
|  46|0x0000000084a00000, 0x0000000084a00000, 0x0000000084b00000|  0%| F|  |TAMS 0x0000000084a00000, 0x0000000084a00000| Untracked 
|  47|0x0000000084b00000, 0x0000000084b00000, 0x0000000084c00000|  0%| F|  |TAMS 0x0000000084b00000, 0x0000000084b00000| Untracked 
|  48|0x0000000084c00000, 0x0000000084c00000, 0x0000000084d00000|  0%| F|  |TAMS 0x0000000084c00000, 0x0000000084c00000| Untracked 
|  49|0x0000000084d00000, 0x0000000084d00000, 0x0000000084e00000|  0%| F|  |TAMS 0x0000000084d00000, 0x0000000084d00000| Untracked 
|  50|0x0000000084e00000, 0x0000000084e00000, 0x0000000084f00000|  0%| F|  |TAMS 0x0000000084e00000, 0x0000000084e00000| Untracked 
|  51|0x0000000084f00000, 0x0000000084f00000, 0x0000000085000000|  0%| F|  |TAMS 0x0000000084f00000, 0x0000000084f00000| Untracked 
|  52|0x0000000085000000, 0x0000000085000000, 0x0000000085100000|  0%| F|  |TAMS 0x0000000085000000, 0x0000000085000000| Untracked 
|  53|0x0000000085100000, 0x0000000085100000, 0x0000000085200000|  0%| F|  |TAMS 0x0000000085100000, 0x0000000085100000| Untracked 
|  54|0x0000000085200000, 0x0000000085200000, 0x0000000085300000|  0%| F|  |TAMS 0x0000000085200000, 0x0000000085200000| Untracked 
|  55|0x0000000085300000, 0x0000000085300000, 0x0000000085400000|  0%| F|  |TAMS 0x0000000085300000, 0x0000000085300000| Untracked 
|  56|0x0000000085400000, 0x0000000085400000, 0x0000000085500000|  0%| F|  |TAMS 0x0000000085400000, 0x0000000085400000| Untracked 
|  57|0x0000000085500000, 0x0000000085500000, 0x0000000085600000|  0%| F|  |TAMS 0x0000000085500000, 0x0000000085500000| Untracked 
|  58|0x0000000085600000, 0x0000000085600000, 0x0000000085700000|  0%| F|  |TAMS 0x0000000085600000, 0x0000000085600000| Untracked 
|  59|0x0000000085700000, 0x0000000085700000, 0x0000000085800000|  0%| F|  |TAMS 0x0000000085700000, 0x0000000085700000| Untracked 
|  60|0x0000000085800000, 0x0000000085800000, 0x0000000085900000|  0%| F|  |TAMS 0x0000000085800000, 0x0000000085800000| Untracked 
|  61|0x0000000085900000, 0x0000000085900000, 0x0000000085a00000|  0%| F|  |TAMS 0x0000000085900000, 0x0000000085900000| Untracked 
|  62|0x0000000085a00000, 0x0000000085a00000, 0x0000000085b00000|  0%| F|  |TAMS 0x0000000085a00000, 0x0000000085a00000| Untracked 
|  63|0x0000000085b00000, 0x0000000085b00000, 0x0000000085c00000|  0%| F|  |TAMS 0x0000000085b00000, 0x0000000085b00000| Untracked 
|  64|0x0000000085c00000, 0x0000000085c00000, 0x0000000085d00000|  0%| F|  |TAMS 0x0000000085c00000, 0x0000000085c00000| Untracked 
|  65|0x0000000085d00000, 0x0000000085d00000, 0x0000000085e00000|  0%| F|  |TAMS 0x0000000085d00000, 0x0000000085d00000| Untracked 
|  66|0x0000000085e00000, 0x0000000085e00000, 0x0000000085f00000|  0%| F|  |TAMS 0x0000000085e00000, 0x0000000085e00000| Untracked 
|  67|0x0000000085f00000, 0x0000000085f00000, 0x0000000086000000|  0%| F|  |TAMS 0x0000000085f00000, 0x0000000085f00000| Untracked 
|  68|0x0000000086000000, 0x0000000086000000, 0x0000000086100000|  0%| F|  |TAMS 0x0000000086000000, 0x0000000086000000| Untracked 
|  69|0x0000000086100000, 0x0000000086100000, 0x0000000086200000|  0%| F|  |TAMS 0x0000000086100000, 0x0000000086100000| Untracked 
|  70|0x0000000086200000, 0x0000000086200000, 0x0000000086300000|  0%| F|  |TAMS 0x0000000086200000, 0x0000000086200000| Untracked 
|  71|0x0000000086300000, 0x0000000086300000, 0x0000000086400000|  0%| F|  |TAMS 0x0000000086300000, 0x0000000086300000| Untracked 
|  72|0x0000000086400000, 0x0000000086400000, 0x0000000086500000|  0%| F|  |TAMS 0x0000000086400000, 0x0000000086400000| Untracked 
|  73|0x0000000086500000, 0x0000000086500000, 0x0000000086600000|  0%| F|  |TAMS 0x0000000086500000, 0x0000000086500000| Untracked 
|  74|0x0000000086600000, 0x0000000086600000, 0x0000000086700000|  0%| F|  |TAMS 0x0000000086600000, 0x0000000086600000| Untracked 
|  75|0x0000000086700000, 0x0000000086700000, 0x0000000086800000|  0%| F|  |TAMS 0x0000000086700000, 0x0000000086700000| Untracked 
|  76|0x0000000086800000, 0x0000000086800000, 0x0000000086900000|  0%| F|  |TAMS 0x0000000086800000, 0x0000000086800000| Untracked 
|  77|0x0000000086900000, 0x0000000086900000, 0x0000000086a00000|  0%| F|  |TAMS 0x0000000086900000, 0x0000000086900000| Untracked 
|  78|0x0000000086a00000, 0x0000000086a00000, 0x0000000086b00000|  0%| F|  |TAMS 0x0000000086a00000, 0x0000000086a00000| Untracked 
|  79|0x0000000086b00000, 0x0000000086b00000, 0x0000000086c00000|  0%| F|  |TAMS 0x0000000086b00000, 0x0000000086b00000| Untracked 
|  80|0x0000000086c00000, 0x0000000086c00000, 0x0000000086d00000|  0%| F|  |TAMS 0x0000000086c00000, 0x0000000086c00000| Untracked 
|  81|0x0000000086d00000, 0x0000000086d00000, 0x0000000086e00000|  0%| F|  |TAMS 0x0000000086d00000, 0x0000000086d00000| Untracked 
|  82|0x0000000086e00000, 0x0000000086e830b0, 0x0000000086f00000| 51%| S|CS|TAMS 0x0000000086e00000, 0x0000000086e00000| Complete 
|  83|0x0000000086f00000, 0x0000000087000000, 0x0000000087000000|100%| S|CS|TAMS 0x0000000086f00000, 0x0000000086f00000| Complete 
|  84|0x0000000087000000, 0x0000000087100000, 0x0000000087100000|100%| S|CS|TAMS 0x0000000087000000, 0x0000000087000000| Complete 
|  85|0x0000000087100000, 0x0000000087200000, 0x0000000087200000|100%| S|CS|TAMS 0x0000000087100000, 0x0000000087100000| Complete 
|  86|0x0000000087200000, 0x0000000087300000, 0x0000000087300000|100%| S|CS|TAMS 0x0000000087200000, 0x0000000087200000| Complete 
|  87|0x0000000087300000, 0x0000000087400000, 0x0000000087400000|100%| S|CS|TAMS 0x0000000087300000, 0x0000000087300000| Complete 
|  88|0x0000000087400000, 0x0000000087500000, 0x0000000087500000|100%| S|CS|TAMS 0x0000000087400000, 0x0000000087400000| Complete 
|  89|0x0000000087500000, 0x0000000087500000, 0x0000000087600000|  0%| F|  |TAMS 0x0000000087500000, 0x0000000087500000| Untracked 
|  90|0x0000000087600000, 0x0000000087600000, 0x0000000087700000|  0%| F|  |TAMS 0x0000000087600000, 0x0000000087600000| Untracked 
|  91|0x0000000087700000, 0x0000000087700000, 0x0000000087800000|  0%| F|  |TAMS 0x0000000087700000, 0x0000000087700000| Untracked 
|  92|0x0000000087800000, 0x0000000087800000, 0x0000000087900000|  0%| F|  |TAMS 0x0000000087800000, 0x0000000087800000| Untracked 
|  93|0x0000000087900000, 0x0000000087900000, 0x0000000087a00000|  0%| F|  |TAMS 0x0000000087900000, 0x0000000087900000| Untracked 
|  94|0x0000000087a00000, 0x0000000087a00000, 0x0000000087b00000|  0%| F|  |TAMS 0x0000000087a00000, 0x0000000087a00000| Untracked 
|  95|0x0000000087b00000, 0x0000000087b00000, 0x0000000087c00000|  0%| F|  |TAMS 0x0000000087b00000, 0x0000000087b00000| Untracked 
|  96|0x0000000087c00000, 0x0000000087c00000, 0x0000000087d00000|  0%| F|  |TAMS 0x0000000087c00000, 0x0000000087c00000| Untracked 
|  97|0x0000000087d00000, 0x0000000087d00000, 0x0000000087e00000|  0%| F|  |TAMS 0x0000000087d00000, 0x0000000087d00000| Untracked 
|  98|0x0000000087e00000, 0x0000000087e00000, 0x0000000087f00000|  0%| F|  |TAMS 0x0000000087e00000, 0x0000000087e00000| Untracked 
|  99|0x0000000087f00000, 0x0000000087f00000, 0x0000000088000000|  0%| F|  |TAMS 0x0000000087f00000, 0x0000000087f00000| Untracked 
| 100|0x0000000088000000, 0x0000000088000000, 0x0000000088100000|  0%| F|  |TAMS 0x0000000088000000, 0x0000000088000000| Untracked 
| 101|0x0000000088100000, 0x0000000088100000, 0x0000000088200000|  0%| F|  |TAMS 0x0000000088100000, 0x0000000088100000| Untracked 
| 102|0x0000000088200000, 0x0000000088200000, 0x0000000088300000|  0%| F|  |TAMS 0x0000000088200000, 0x0000000088200000| Untracked 
| 103|0x0000000088300000, 0x0000000088300000, 0x0000000088400000|  0%| F|  |TAMS 0x0000000088300000, 0x0000000088300000| Untracked 
| 104|0x0000000088400000, 0x0000000088400000, 0x0000000088500000|  0%| F|  |TAMS 0x0000000088400000, 0x0000000088400000| Untracked 
| 105|0x0000000088500000, 0x0000000088500000, 0x0000000088600000|  0%| F|  |TAMS 0x0000000088500000, 0x0000000088500000| Untracked 
| 106|0x0000000088600000, 0x0000000088600000, 0x0000000088700000|  0%| F|  |TAMS 0x0000000088600000, 0x0000000088600000| Untracked 
| 107|0x0000000088700000, 0x0000000088700000, 0x0000000088800000|  0%| F|  |TAMS 0x0000000088700000, 0x0000000088700000| Untracked 
| 108|0x0000000088800000, 0x0000000088800000, 0x0000000088900000|  0%| F|  |TAMS 0x0000000088800000, 0x0000000088800000| Untracked 
| 109|0x0000000088900000, 0x0000000088900000, 0x0000000088a00000|  0%| F|  |TAMS 0x0000000088900000, 0x0000000088900000| Untracked 
| 110|0x0000000088a00000, 0x0000000088a00000, 0x0000000088b00000|  0%| F|  |TAMS 0x0000000088a00000, 0x0000000088a00000| Untracked 
| 111|0x0000000088b00000, 0x0000000088b00000, 0x0000000088c00000|  0%| F|  |TAMS 0x0000000088b00000, 0x0000000088b00000| Untracked 
| 112|0x0000000088c00000, 0x0000000088c00000, 0x0000000088d00000|  0%| F|  |TAMS 0x0000000088c00000, 0x0000000088c00000| Untracked 
| 113|0x0000000088d00000, 0x0000000088d00000, 0x0000000088e00000|  0%| F|  |TAMS 0x0000000088d00000, 0x0000000088d00000| Untracked 
| 114|0x0000000088e00000, 0x0000000088e00000, 0x0000000088f00000|  0%| F|  |TAMS 0x0000000088e00000, 0x0000000088e00000| Untracked 
| 115|0x0000000088f00000, 0x0000000088f00000, 0x0000000089000000|  0%| F|  |TAMS 0x0000000088f00000, 0x0000000088f00000| Untracked 
| 116|0x0000000089000000, 0x0000000089000000, 0x0000000089100000|  0%| F|  |TAMS 0x0000000089000000, 0x0000000089000000| Untracked 
| 117|0x0000000089100000, 0x0000000089100000, 0x0000000089200000|  0%| F|  |TAMS 0x0000000089100000, 0x0000000089100000| Untracked 
| 118|0x0000000089200000, 0x0000000089200000, 0x0000000089300000|  0%| F|  |TAMS 0x0000000089200000, 0x0000000089200000| Untracked 
| 119|0x0000000089300000, 0x0000000089300000, 0x0000000089400000|  0%| F|  |TAMS 0x0000000089300000, 0x0000000089300000| Untracked 
| 120|0x0000000089400000, 0x0000000089400000, 0x0000000089500000|  0%| F|  |TAMS 0x0000000089400000, 0x0000000089400000| Untracked 
| 121|0x0000000089500000, 0x0000000089500000, 0x0000000089600000|  0%| F|  |TAMS 0x0000000089500000, 0x0000000089500000| Untracked 
| 122|0x0000000089600000, 0x0000000089600000, 0x0000000089700000|  0%| F|  |TAMS 0x0000000089600000, 0x0000000089600000| Untracked 
| 123|0x0000000089700000, 0x0000000089700000, 0x0000000089800000|  0%| F|  |TAMS 0x0000000089700000, 0x0000000089700000| Untracked 
| 124|0x0000000089800000, 0x0000000089800000, 0x0000000089900000|  0%| F|  |TAMS 0x0000000089800000, 0x0000000089800000| Untracked 
| 125|0x0000000089900000, 0x0000000089a00000, 0x0000000089a00000|100%| E|  |TAMS 0x0000000089900000, 0x0000000089900000| Complete 
| 126|0x0000000089a00000, 0x0000000089b00000, 0x0000000089b00000|100%| E|CS|TAMS 0x0000000089a00000, 0x0000000089a00000| Complete 
| 127|0x0000000089b00000, 0x0000000089c00000, 0x0000000089c00000|100%| E|CS|TAMS 0x0000000089b00000, 0x0000000089b00000| Complete 

Card table byte_map: [0x000002db34380000,0x000002db34780000] _byte_map_base: 0x000002db33f72000

Marking Bits (Prev, Next): (CMBitMap*) 0x000002db1ae0d738, (CMBitMap*) 0x000002db1ae0d770
 Prev Bits: [0x000002db34b80000, 0x000002db36b10000)
 Next Bits: [0x000002db36b10000, 0x000002db38aa0000)

Polling page: 0x000002db1ac30000

Metaspace:

Usage:
  Non-class:     50.71 MB capacity,    49.79 MB ( 98%) used,   776.62 KB (  1%) free+waste,   173.00 KB ( <1%) overhead. 
      Class:      8.02 MB capacity,     7.45 MB ( 93%) used,   504.37 KB (  6%) free+waste,    83.31 KB (  1%) overhead. 
       Both:     58.73 MB capacity,    57.23 MB ( 97%) used,     1.25 MB (  2%) free+waste,   256.31 KB ( <1%) overhead. 

Virtual space:
  Non-class space:       52.00 MB reserved,      50.75 MB ( 98%) committed 
      Class space:        1.00 GB reserved,       8.13 MB ( <1%) committed 
             Both:        1.05 GB reserved,      58.88 MB (  5%) committed 

Chunk freelists:
   Non-Class:  4.50 KB
       Class:  1.50 KB
        Both:  6.00 KB

CodeHeap 'non-profiled nmethods': size=238912Kb used=9189Kb max_used=9189Kb free=229722Kb
 bounds [0x000002db25010000, 0x000002db25910000, 0x000002db33960000]
CodeHeap 'non-nmethods': size=6848Kb used=1245Kb max_used=1245Kb free=5602Kb
 bounds [0x000002db24960000, 0x000002db24bd0000, 0x000002db25010000]
 total_blobs=6298 nmethods=5658 adapters=550
 compilation: enabled
              stopped_count=0, restarted_count=0
 full_count=0

Compilation events (10 events):
Event: 22.460 Thread 0x000002db3ba3d800 5649  s    1       java.security.Provider::getService (91 bytes)
Event: 22.460 Thread 0x000002db3ba3d800 nmethod 5649 0x000002db25905a90 code [0x000002db25905ca0, 0x000002db259062b0]
Event: 22.460 Thread 0x000002db3ba3d800 5650       1       java.security.Provider$ServiceKey::matches (22 bytes)
Event: 22.460 Thread 0x000002db3ba3d800 nmethod 5650 0x000002db25906490 code [0x000002db25906640, 0x000002db25906778]
Event: 22.460 Thread 0x000002db3ba3d800 5651       1       sun.security.jca.ProviderList::getProvider (22 bytes)
Event: 22.460 Thread 0x000002db3ba3d800 nmethod 5651 0x000002db25906810 code [0x000002db259069c0, 0x000002db25906b50]
Event: 22.466 Thread 0x000002db3ba3d800 5657       1       java.util.regex.Pattern::closure (365 bytes)
Event: 22.467 Thread 0x000002db3ba3d800 nmethod 5657 0x000002db25906c90 code [0x000002db25907000, 0x000002db259084b0]
Event: 22.468 Thread 0x000002db3ba3d800 5658       1       java.util.regex.Matcher::group (112 bytes)
Event: 22.468 Thread 0x000002db3ba3d800 nmethod 5658 0x000002db25908c90 code [0x000002db25908ee0, 0x000002db25909470]

GC Heap History (10 events):
Event: 15.873 GC heap before
{Heap before GC invocations=12 (full 0):
 garbage-first heap   total 131072K, used 88336K [0x0000000081c00000, 0x0000000100000000)
  region size 1024K, 66 young (67584K), 7 survivors (7168K)
 Metaspace       used 35978K, capacity 37258K, committed 37504K, reserved 1081344K
  class space    used 4552K, capacity 5050K, committed 5120K, reserved 1048576K
}
Event: 15.885 GC heap after
{Heap after GC invocations=13 (full 0):
 garbage-first heap   total 131072K, used 30155K [0x0000000081c00000, 0x0000000100000000)
  region size 1024K, 6 young (6144K), 6 survivors (6144K)
 Metaspace       used 35978K, capacity 37258K, committed 37504K, reserved 1081344K
  class space    used 4552K, capacity 5050K, committed 5120K, reserved 1048576K
}
Event: 17.525 GC heap before
{Heap before GC invocations=13 (full 0):
 garbage-first heap   total 131072K, used 91595K [0x0000000081c00000, 0x0000000100000000)
  region size 1024K, 67 young (68608K), 6 survivors (6144K)
 Metaspace       used 37834K, capacity 39140K, committed 39296K, reserved 1083392K
  class space    used 4738K, capacity 5231K, committed 5248K, reserved 1048576K
}
Event: 17.538 GC heap after
{Heap after GC invocations=14 (full 0):
 garbage-first heap   total 131072K, used 31247K [0x0000000081c00000, 0x0000000100000000)
  region size 1024K, 4 young (4096K), 4 survivors (4096K)
 Metaspace       used 37834K, capacity 39140K, committed 39296K, reserved 1083392K
  class space    used 4738K, capacity 5231K, committed 5248K, reserved 1048576K
}
Event: 19.704 GC heap before
{Heap before GC invocations=14 (full 0):
 garbage-first heap   total 131072K, used 95759K [0x0000000081c00000, 0x0000000100000000)
  region size 1024K, 67 young (68608K), 4 survivors (4096K)
 Metaspace       used 47021K, capacity 48371K, committed 48640K, reserved 1091584K
  class space    used 6021K, capacity 6557K, committed 6656K, reserved 1048576K
}
Event: 19.713 GC heap after
{Heap after GC invocations=15 (full 0):
 garbage-first heap   total 131072K, used 33236K [0x0000000081c00000, 0x0000000100000000)
  region size 1024K, 6 young (6144K), 6 survivors (6144K)
 Metaspace       used 47021K, capacity 48371K, committed 48640K, reserved 1091584K
  class space    used 6021K, capacity 6557K, committed 6656K, reserved 1048576K
}
Event: 21.461 GC heap before
{Heap before GC invocations=15 (full 0):
 garbage-first heap   total 131072K, used 97748K [0x0000000081c00000, 0x0000000100000000)
  region size 1024K, 69 young (70656K), 6 survivors (6144K)
 Metaspace       used 54116K, capacity 55524K, committed 55552K, reserved 1097728K
  class space    used 7098K, capacity 7655K, committed 7680K, reserved 1048576K
}
Event: 21.474 GC heap after
{Heap after GC invocations=16 (full 0):
 garbage-first heap   total 131072K, used 35460K [0x0000000081c00000, 0x0000000100000000)
  region size 1024K, 7 young (7168K), 7 survivors (7168K)
 Metaspace       used 54116K, capacity 55524K, committed 55552K, reserved 1097728K
  class space    used 7098K, capacity 7655K, committed 7680K, reserved 1048576K
}
Event: 22.489 GC heap before
{Heap before GC invocations=16 (full 0):
 garbage-first heap   total 131072K, used 74372K [0x0000000081c00000, 0x0000000100000000)
  region size 1024K, 46 young (47104K), 7 survivors (7168K)
 Metaspace       used 58466K, capacity 59984K, committed 60160K, reserved 1101824K
  class space    used 7601K, capacity 8180K, committed 8192K, reserved 1048576K
}
Event: 22.503 GC heap after
{Heap after GC invocations=17 (full 0):
 garbage-first heap   total 131072K, used 37936K [0x0000000081c00000, 0x0000000100000000)
  region size 1024K, 7 young (7168K), 7 survivors (7168K)
 Metaspace       used 58466K, capacity 59984K, committed 60160K, reserved 1101824K
  class space    used 7601K, capacity 8180K, committed 8192K, reserved 1048576K
}

Deoptimization events (0 events):
No events

Classes redefined (0 events):
No events

Internal exceptions (10 events):
Event: 17.313 Thread 0x000002db3cf2f800 Exception <a 'java/lang/NullPointerException'{0x00000000866bdba0}> (0x00000000866bdba0) thrown at [t:/workspace/open/src/hotspot/share/runtime/sharedRuntime.cpp, line 584]
Event: 17.313 Thread 0x000002db3cf2f800 Implicit null exception at 0x000002db2532c96d to 0x000002db2532cc5f
Event: 17.313 Thread 0x000002db3cf2f800 Exception <a 'java/lang/NullPointerException'{0x00000000866becd8}> (0x00000000866becd8) thrown at [t:/workspace/open/src/hotspot/share/runtime/sharedRuntime.cpp, line 584]
Event: 17.313 Thread 0x000002db3cf2f800 Implicit null exception at 0x000002db2532c96d to 0x000002db2532cc5f
Event: 17.313 Thread 0x000002db3cf2f800 Exception <a 'java/lang/NullPointerException'{0x00000000866bfe10}> (0x00000000866bfe10) thrown at [t:/workspace/open/src/hotspot/share/runtime/sharedRuntime.cpp, line 584]
Event: 17.665 Thread 0x000002db3cf2f800 Exception <a 'java/lang/NoSuchMethodError'{0x00000000898fc6e8}: java.lang.invoke.DirectMethodHandle$Holder.invokeStaticInit(Ljava/lang/Object;Ljava/lang/Object;Ljava/lang/Object;Ljava/lang/Object;)Ljava/lang/Object;> (0x00000000898fc6e8) thrown at [t:/wor
Event: 17.794 Thread 0x000002db3cf2f800 Exception <a 'java/io/FileNotFoundException'{0x00000000893c4d60}> (0x00000000893c4d60) thrown at [t:/workspace/open/src/hotspot/share/prims/jni.cpp, line 615]
Event: 20.994 Thread 0x000002db3cf2f800 Exception <a 'java/lang/NoSuchMethodError'{0x0000000086c24d30}: java.lang.invoke.DirectMethodHandle$Holder.invokeInterface(Ljava/lang/Object;Ljava/lang/Object;)V> (0x0000000086c24d30) thrown at [t:/workspace/open/src/hotspot/share/interpreter/linkResolver
Event: 22.332 Thread 0x000002db3cf2f800 Exception <a 'java/lang/NoSuchMethodError'{0x0000000087cbb118}: java.lang.invoke.DirectMethodHandle$Holder.invokeStaticInit(Ljava/lang/Object;Ljava/lang/Object;Ljava/lang/Object;Ljava/lang/Object;)I> (0x0000000087cbb118) thrown at [t:/workspace/open/src/h
Event: 22.338 Thread 0x000002db3cf2f800 Exception <a 'sun/nio/fs/WindowsException'{0x0000000087cedcd8}> (0x0000000087cedcd8) thrown at [t:/workspace/open/src/hotspot/share/prims/jni.cpp, line 615]

Events (10 events):
Event: 22.569 loading class org/apache/http/message/BasicLineParser done
Event: 22.571 loading class org/apache/http/message/LineParser
Event: 22.571 loading class org/apache/http/message/LineParser done
Event: 22.572 loading class org/apache/http/HttpVersion
Event: 22.572 loading class org/apache/http/HttpVersion done
Event: 22.574 loading class org/apache/http/ProtocolVersion
Event: 22.574 loading class org/apache/http/ProtocolVersion done
Event: 22.575 loading class org/apache/http/impl/DefaultHttpResponseFactory
Event: 22.575 loading class org/apache/http/impl/DefaultHttpResponseFactory done
Event: 22.576 Executing VM operation: CGC_Operation


Dynamic libraries:
0x00007ff6adf30000 - 0x00007ff6adf77000 	C:\Program Files\Java\jdk-11.0.6\bin\javaw.exe
0x00007ffddbdc0000 - 0x00007ffddbfb0000 	C:\WINDOWS\SYSTEM32\ntdll.dll
0x00007ffdda320000 - 0x00007ffdda3d2000 	C:\WINDOWS\System32\KERNEL32.DLL
0x00007ffdd94d0000 - 0x00007ffdd9774000 	C:\WINDOWS\System32\KERNELBASE.dll
0x00007ffddbbf0000 - 0x00007ffddbc93000 	C:\WINDOWS\System32\ADVAPI32.dll
0x00007ffddb830000 - 0x00007ffddb8ce000 	C:\WINDOWS\System32\msvcrt.dll
0x00007ffddaca0000 - 0x00007ffddad37000 	C:\WINDOWS\System32\sechost.dll
0x00007ffddb640000 - 0x00007ffddb760000 	C:\WINDOWS\System32\RPCRT4.dll
0x00007ffddaa60000 - 0x00007ffddabf4000 	C:\WINDOWS\System32\USER32.dll
0x00007ffdd9ac0000 - 0x00007ffdd9ae1000 	C:\WINDOWS\System32\win32u.dll
0x00007ffdd9e80000 - 0x00007ffdd9ea6000 	C:\WINDOWS\System32\GDI32.dll
0x00007ffdd9b70000 - 0x00007ffdd9d05000 	C:\WINDOWS\System32\gdi32full.dll
0x00007ffdd9800000 - 0x00007ffdd989e000 	C:\WINDOWS\System32\msvcp_win.dll
0x00007ffdd9d70000 - 0x00007ffdd9e6a000 	C:\WINDOWS\System32\ucrtbase.dll
0x00007ffdcf820000 - 0x00007ffdcfaa4000 	C:\WINDOWS\WinSxS\amd64_microsoft.windows.common-controls_6595b64144ccf1df_6.0.18362.900_none_e6beb9d913147d17\COMCTL32.dll
0x00007ffdda5c0000 - 0x00007ffdda8f5000 	C:\WINDOWS\System32\combase.dll
0x00007ffdd9780000 - 0x00007ffdd9800000 	C:\WINDOWS\System32\bcryptPrimitives.dll
0x00007ffdd0fe0000 - 0x00007ffdd0fea000 	C:\WINDOWS\SYSTEM32\VERSION.dll
0x00007ffddbd50000 - 0x00007ffddbd7e000 	C:\WINDOWS\System32\IMM32.DLL
0x00007ffdcec40000 - 0x00007ffdcec56000 	C:\Program Files\Java\jdk-11.0.6\bin\vcruntime140.dll
0x00007ffd9d430000 - 0x00007ffd9d4da000 	C:\Program Files\Java\jdk-11.0.6\bin\msvcp140.dll
0x00007ffd7b8c0000 - 0x00007ffd7c3e9000 	C:\Program Files\Java\jdk-11.0.6\bin\server\jvm.dll
0x00007ffdd9e70000 - 0x00007ffdd9e78000 	C:\WINDOWS\System32\PSAPI.DLL
0x00007ffdc8640000 - 0x00007ffdc8649000 	C:\WINDOWS\SYSTEM32\WSOCK32.dll
0x00007ffdce840000 - 0x00007ffdce864000 	C:\WINDOWS\SYSTEM32\WINMM.dll
0x00007ffdda9e0000 - 0x00007ffddaa4f000 	C:\WINDOWS\System32\WS2_32.dll
0x00007ffdce810000 - 0x00007ffdce83d000 	C:\WINDOWS\SYSTEM32\winmmbase.dll
0x00007ffdd9af0000 - 0x00007ffdd9b3a000 	C:\WINDOWS\System32\cfgmgr32.dll
0x00007ffdd8cb0000 - 0x00007ffdd8cc1000 	C:\WINDOWS\System32\kernel.appcore.dll
0x00007ffdb30c0000 - 0x00007ffdb30d1000 	C:\Program Files\Java\jdk-11.0.6\bin\verify.dll
0x00007ffdcf620000 - 0x00007ffdcf814000 	C:\WINDOWS\SYSTEM32\DBGHELP.DLL
0x00007ffdcf5f0000 - 0x00007ffdcf61a000 	C:\WINDOWS\SYSTEM32\dbgcore.DLL
0x00007ffdb2ef0000 - 0x00007ffdb2f19000 	C:\Program Files\Java\jdk-11.0.6\bin\java.dll
0x00007ffdb14a0000 - 0x00007ffdb14b6000 	C:\Program Files\Java\jdk-11.0.6\bin\zip.dll
0x00007ffdd4160000 - 0x00007ffdd416a000 	C:\Program Files\Java\jdk-11.0.6\bin\jimage.dll
0x00007ffddaf50000 - 0x00007ffddb636000 	C:\WINDOWS\System32\SHELL32.dll
0x00007ffdda440000 - 0x00007ffdda4e9000 	C:\WINDOWS\System32\shcore.dll
0x00007ffdd8d50000 - 0x00007ffdd94d0000 	C:\WINDOWS\System32\windows.storage.dll
0x00007ffdd8cd0000 - 0x00007ffdd8cf3000 	C:\WINDOWS\System32\profapi.dll
0x00007ffdd8d00000 - 0x00007ffdd8d4a000 	C:\WINDOWS\System32\powrprof.dll
0x00007ffdd8c80000 - 0x00007ffdd8c90000 	C:\WINDOWS\System32\UMPDC.dll
0x00007ffddad40000 - 0x00007ffddad92000 	C:\WINDOWS\System32\shlwapi.dll
0x00007ffdd9aa0000 - 0x00007ffdd9ab7000 	C:\WINDOWS\System32\cryptsp.dll
0x00007ffda6340000 - 0x00007ffda6359000 	C:\Program Files\Java\jdk-11.0.6\bin\net.dll
0x00007ffdd4dd0000 - 0x00007ffdd4ec0000 	C:\WINDOWS\SYSTEM32\WINHTTP.dll
0x00007ffdd84f0000 - 0x00007ffdd8557000 	C:\WINDOWS\system32\mswsock.dll
0x00007ffda36b0000 - 0x00007ffda36c3000 	C:\Program Files\Java\jdk-11.0.6\bin\nio.dll
0x00007ffdcec20000 - 0x00007ffdcec29000 	C:\Program Files\Java\jdk-11.0.6\bin\management.dll
0x00007ffdce0c0000 - 0x00007ffdce0cc000 	C:\Program Files\Java\jdk-11.0.6\bin\management_ext.dll
0x00007ffdc9fe0000 - 0x00007ffdc9ff6000 	C:\WINDOWS\system32\napinsp.dll
0x00007ffdc9f40000 - 0x00007ffdc9f5a000 	C:\WINDOWS\system32\pnrpnsp.dll
0x00007ffdd8290000 - 0x00007ffdd835b000 	C:\WINDOWS\SYSTEM32\DNSAPI.dll
0x00007ffddaa50000 - 0x00007ffddaa58000 	C:\WINDOWS\System32\NSI.dll
0x00007ffdd8200000 - 0x00007ffdd823a000 	C:\WINDOWS\SYSTEM32\IPHLPAPI.DLL
0x00007ffdc9ee0000 - 0x00007ffdc9eee000 	C:\WINDOWS\System32\winrnr.dll
0x00007ffdd2d90000 - 0x00007ffdd2dac000 	C:\WINDOWS\system32\NLAapi.dll
0x00007ffdc9ec0000 - 0x00007ffdc9ed5000 	C:\WINDOWS\system32\wshbth.dll
0x00007ffdd1be0000 - 0x00007ffdd1bea000 	C:\Windows\System32\rasadhlp.dll
0x00007ffdd1fb0000 - 0x00007ffdd2027000 	C:\WINDOWS\System32\fwpuclnt.dll
0x00007ffdd9b40000 - 0x00007ffdd9b66000 	C:\WINDOWS\System32\bcrypt.dll
0x00007ffdd8060000 - 0x00007ffdd8093000 	C:\WINDOWS\system32\rsaenh.dll
0x00007ffdd8b70000 - 0x00007ffdd8b95000 	C:\WINDOWS\SYSTEM32\USERENV.dll
0x00007ffdd86c0000 - 0x00007ffdd86cc000 	C:\WINDOWS\SYSTEM32\CRYPTBASE.dll
0x00007ffdd21e0000 - 0x00007ffdd21f6000 	C:\WINDOWS\SYSTEM32\dhcpcsvc6.DLL
0x00007ffdd21c0000 - 0x00007ffdd21dc000 	C:\WINDOWS\SYSTEM32\dhcpcsvc.DLL
0x00007ffda0700000 - 0x00007ffda0727000 	C:\Program Files\Java\jdk-11.0.6\bin\sunec.dll

dbghelp: loaded successfully - version: 4.0.5 - missing functions: none
symbol engine: initialized successfully - sym options: 0x614 - pdb path: .;C:\Program Files\Java\jdk-11.0.6\bin;C:\WINDOWS\SYSTEM32;C:\WINDOWS\WinSxS\amd64_microsoft.windows.common-controls_6595b64144ccf1df_6.0.18362.900_none_e6beb9d913147d17;C:\Program Files\Java\jdk-11.0.6\bin\server

VM Arguments:
jvm_args: -Dcom.sun.management.jmxremote -Dcom.sun.management.jmxremote.port=56804 -Dcom.sun.management.jmxremote.authenticate=false -Dcom.sun.management.jmxremote.ssl=false -Djava.rmi.server.hostname=localhost -Dspring.jmx.enabled=true -Dspring.application.admin.enabled=true -Xverify:none -XX:TieredStopAtLevel=1 -Dspring.boot.project.name=curso-spring-parte1 -Dfile.encoding=UTF-8 
java_command: br.com.daysesoares.CursoSpringParte1Application --spring.output.ansi.enabled=always
java_class_path (initial): C:\Users\dayse\Documents\workspaces\ws-spring\curso-spring-parte1\target\classes;C:\Users\dayse\.m2\repository\org\springframework\boot\spring-boot-starter-web\2.2.6.RELEASE\spring-boot-starter-web-2.2.6.RELEASE.jar;C:\Users\dayse\.m2\repository\org\springframework\boot\spring-boot-starter\2.2.6.RELEASE\spring-boot-starter-2.2.6.RELEASE.jar;C:\Users\dayse\.m2\repository\org\springframework\boot\spring-boot-starter-logging\2.2.6.RELEASE\spring-boot-starter-logging-2.2.6.RELEASE.jar;C:\Users\dayse\.m2\repository\ch\qos\logback\logback-classic\1.2.3\logback-classic-1.2.3.jar;C:\Users\dayse\.m2\repository\ch\qos\logback\logback-core\1.2.3\logback-core-1.2.3.jar;C:\Users\dayse\.m2\repository\org\apache\logging\log4j\log4j-to-slf4j\2.12.1\log4j-to-slf4j-2.12.1.jar;C:\Users\dayse\.m2\repository\org\apache\logging\log4j\log4j-api\2.12.1\log4j-api-2.12.1.jar;C:\Users\dayse\.m2\repository\org\slf4j\jul-to-slf4j\1.7.30\jul-to-slf4j-1.7.30.jar;C:\Users\dayse\.m2\repository\jakarta\annotation\jakarta.annotation-api\1.3.5\jakarta.annotation-api-1.3.5.jar;C:\Users\dayse\.m2\repository\org\yaml\snakeyaml\1.25\snakeyaml-1.25.jar;C:\Users\dayse\.m2\repository\org\springframework\boot\spring-boot-starter-json\2.2.6.RELEASE\spring-boot-starter-json-2.2.6.RELEASE.jar;C:\Users\dayse\.m2\repository\com\fasterxml\jackson\datatype\jackson-datatype-jdk8\2.10.3\jackson-datatype-jdk8-2.10.3.jar;C:\Users\dayse\.m2\repository\com\fasterxml\jackson\datatype\jackson-datatype-jsr310\2.10.3\jackson-datatype-jsr310-2.10.3.jar;C:\Users\dayse\.m2\repository\com\fasterxml\jackson\module\jackson-module-parameter-names\2.10.3\jackson-module-parameter-names-2.10.3.jar;C:\Users\dayse\.m2\repository\org\springframework\boot\spring-boot-starter-tomcat\2.2.6.RELEASE\spring-boot-starter-tomcat-2.2.6.RELEASE.jar;C:\Users\dayse\.m2\repository\org\apache\tomcat\embed\tomcat-embed-core\9.0.33\tomcat-embed-core-9.0.33.jar;C:\Users\dayse\.m2\repository\org\apache\tomcat\embed\tomcat-embed
Launcher Type: SUN_STANDARD

[Global flags]
     bool BytecodeVerificationLocal                = false                                     {product} {command line}
     bool BytecodeVerificationRemote               = false                                     {product} {command line}
     intx CICompilerCount                          = 3                                         {product} {ergonomic}
     uint ConcGCThreads                            = 1                                         {product} {ergonomic}
     uint G1ConcRefinementThreads                  = 4                                         {product} {ergonomic}
   size_t G1HeapRegionSize                         = 1048576                                   {product} {ergonomic}
    uintx GCDrainStackTargetSize                   = 64                                        {product} {ergonomic}
   size_t InitialHeapSize                          = 134217728                                 {product} {ergonomic}
     bool ManagementServer                         = true                                      {product} {command line}
   size_t MarkStackSize                            = 4194304                                   {product} {ergonomic}
   size_t MaxHeapSize                              = 2118123520                                {product} {ergonomic}
   size_t MaxNewSize                               = 1270874112                                {product} {ergonomic}
   size_t MinHeapDeltaBytes                        = 1048576                                   {product} {ergonomic}
    uintx NonNMethodCodeHeapSize                   = 6973028                                {pd product} {ergonomic}
    uintx NonProfiledCodeHeapSize                  = 244685212                              {pd product} {ergonomic}
    uintx ProfiledCodeHeapSize                     = 0                                      {pd product} {ergonomic}
    uintx ReservedCodeCacheSize                    = 251658240                              {pd product} {ergonomic}
     bool SegmentedCodeCache                       = true                                      {product} {ergonomic}
     intx TieredStopAtLevel                        = 1                                         {product} {command line}
     bool UseCompressedClassPointers               = true                                 {lp64_product} {ergonomic}
     bool UseCompressedOops                        = true                                 {lp64_product} {ergonomic}
     bool UseG1GC                                  = true                                      {product} {ergonomic}
     bool UseLargePagesIndividualAllocation        = false                                  {pd product} {ergonomic}

Logging:
Log output configuration:
 #0: stdout all=warning uptime,level,tags
 #1: stderr all=off uptime,level,tags

Environment Variables:
JAVA_HOME=C:\Program Files\Java\jdk-11.0.2
PATH=C:/Program Files/Java/jdk-11.0.2/bin/server;C:/Program Files/Java/jdk-11.0.2/bin;C:\Program Files\Java\jdk-11.0.2\bin;C:\ProgramData\Oracle\Java\javapath;C:\WINDOWS\system32;C:\WINDOWS;C:\WINDOWS\System32\Wbem;C:\WINDOWS\System32\WindowsPowerShell\v1.0\;C:\WINDOWS\System32\OpenSSH\;C:\Program Files\dotnet\;C:\Program Files\Microsoft SQL Server\130\Tools\Binn\;C:\Program Files\Git\cmd;C:\Program Files\Microsoft SQL Server\Client SDK\ODBC\110\Tools\Binn\;C:\Program Files (x86)\Microsoft SQL Server\120\Tools\Binn\;C:\Program Files\Microsoft SQL Server\120\Tools\Binn\;C:\Program Files\Microsoft SQL Server\120\DTS\Binn\;C:\Program Files (x86)\Microsoft SQL Server\120\Tools\Binn\ManagementStudio\;C:\Program Files (x86)\Microsoft SQL Server\120\DTS\Binn\;C:\Program Files\MySQL\MySQL Utilities 1.6\;C:\Program Files\MongoDB\Server\4.2\bin;C:\Program Files\MySQL\MySQL Server 8.0\bin;C:\ProgramData\chocolatey\bin;C:\Program Files\nodejs\;C:\Program Files\MySQL\MySQL Shell 8.0\bin\;C:\Program Files\JetBrains\IntelliJ IDEA Community Edition 2019.2\bin;;C:\Users\dayse\AppData\Local\Microsoft\WindowsApps;C:\Program Files\heroku\bin;C:\Users\dayse\Documents\WindowsPowerShell\Scripts;C:\Users\dayse\AppData\Local\Programs\Microsoft VS Code\bin;C:\Users\dayse\AppData\Roaming\npm;C:\Programas\Spring\sts-4.2.2.RELEASE;
USERNAME=dayse
OS=Windows_NT
PROCESSOR_IDENTIFIER=Intel64 Family 6 Model 69 Stepping 1, GenuineIntel



---------------  S Y S T E M  ---------------

OS: Windows 10 , 64 bit Build 18362 (10.0.18362.900)

CPU:total 4 (initial active 4) (2 cores per cpu, 2 threads per core) family 6 model 69 stepping 1, cmov, cx8, fxsr, mmx, sse, sse2, sse3, ssse3, sse4.1, sse4.2, popcnt, avx, avx2, aes, clmul, erms, lzcnt, ht, tsc, tscinvbit, bmi1, bmi2, fma

Memory: 4k page, system-wide physical 8072M (1548M free)
TotalPageFile size 13576M (AvailPageFile size 4190M)
current process WorkingSet (physical memory assigned to process): 232M, peak: 232M
current process commit charge ("private bytes"): 303M, peak: 303M

vm_info: Java HotSpot(TM) 64-Bit Server VM (11.0.6+8-LTS) for windows-amd64 JRE (11.0.6+8-LTS), built on Dec 11 2019 09:17:57 by "mach5one" with MS VC++ 15.5 (VS2017)

END.
