#
# A fatal error has been detected by the Java Runtime Environment:
#
#  EXCEPTION_ACCESS_VIOLATION (0xc0000005) at pc=0x00007ffd82b77696, pid=19736, tid=19300
#
# JRE version: Java(TM) SE Runtime Environment (11.0.2+9) (build 11.0.2+9-LTS)
# Java VM: Java HotSpot(TM) 64-Bit Server VM (11.0.2+9-LTS, mixed mode, tiered, compressed oops, g1 gc, windows-amd64)
# Problematic frame:
# V  [jvm.dll+0x6c7696]
#
# No core dump will be written. Minidumps are not enabled by default on client versions of Windows
#
# If you would like to submit a bug report, please visit:
#   http://bugreport.java.com/bugreport/crash.jsp
#

---------------  S U M M A R Y ------------

Command Line: -Dcom.sun.management.jmxremote -Dcom.sun.management.jmxremote.port=60132 -Dcom.sun.management.jmxremote.authenticate=false -Dcom.sun.management.jmxremote.ssl=false -Djava.rmi.server.hostname=localhost -Dspring.jmx.enabled=true -Dspring.application.admin.enabled=true -Xverify:none -XX:TieredStopAtLevel=1 -Dspring.boot.project.name=curso-spring-udemy-nelio-2 -Dfile.encoding=UTF-8 br.com.daysesoares.CursoSpringParte1Application --spring.output.ansi.enabled=always

Host: Intel(R) Core(TM) i5-4210U CPU @ 1.70GHz, 4 cores, 7G,  Windows 10 , 64 bit Build 18362 (10.0.18362.900)
Time: Sat Jun 20 21:48:38 2020 Hora Padrão de Buenos Aires elapsed time: 5 seconds (0d 0h 0m 5s)

---------------  T H R E A D  ---------------

Current thread (0x000001f7ea7da000):  WatcherThread [stack: 0x0000007a6e900000,0x0000007a6ea00000] [id=19300]

Stack: [0x0000007a6e900000,0x0000007a6ea00000],  sp=0x0000007a6e9ff4d0,  free space=1021k
Native frames: (J=compiled Java code, j=interpreted, Vv=VM code, C=native code)
V  [jvm.dll+0x6c7696]
V  [jvm.dll+0x7132ad]
V  [jvm.dll+0x738c89]
V  [jvm.dll+0x6347f2]
C  [ucrtbase.dll+0x20e82]
C  [KERNEL32.DLL+0x17bd4]
C  [ntdll.dll+0x6ce51]


siginfo: EXCEPTION_ACCESS_VIOLATION (0xc0000005), reading address 0x0000000c0000000b


Register to memory mapping:

RIP=0x00007ffd82b77696 jvm.dll
RAX=0x0000000c0000000b is an unknown value
RBX=0x0 is NULL
RCX=0x000001f7eb694410 points into unknown readable memory: 08 35 d8 82 fd 7f 00 00
RDX=0x0000000000000032 is an unknown value
RSP=0x0000007a6e9ff4d0 points into unknown readable memory: 00 a0 7d ea f7 01 00 00
RBP=0x0000000000000002 is an unknown value
RSI=0x000001f7eb666d00 points into unknown readable memory: 0b 00 00 00 0c 00 00 00
RDI=0x0000000000000001 is an unknown value
R8 =0x0 is NULL
R9 =0x000001f7d3c80b80 is at begin+0 in a stub
StubRoutines::atomic_cmpxchg_long [0x000001f7d3c80b80, 0x000001f7d3c80b89[ (9 bytes)
R10=0x00000000546c6148 is an unknown value
R11=0x0000044a16ffb057 is an unknown value
R12=0x0 is NULL
R13=0x000001f7ea7da000 points into unknown readable memory: 08 7c d8 82 fd 7f 00 00
R14=0x0000000000000032 is an unknown value
R15=0x000001f7eb574210 points into unknown readable memory: 00 00 00 00 00 00 00 00


Registers:
RAX=0x0000000c0000000b, RBX=0x0000000000000000, RCX=0x000001f7eb694410, RDX=0x0000000000000032
RSP=0x0000007a6e9ff4d0, RBP=0x0000000000000002, RSI=0x000001f7eb666d00, RDI=0x0000000000000001
R8 =0x0000000000000000, R9 =0x000001f7d3c80b80, R10=0x00000000546c6148, R11=0x0000044a16ffb057
R12=0x0000000000000000, R13=0x000001f7ea7da000, R14=0x0000000000000032, R15=0x000001f7eb574210
RIP=0x00007ffd82b77696, EFLAGS=0x0000000000010246

Top of Stack: (sp=0x0000007a6e9ff4d0)
0x0000007a6e9ff4d0:   000001f7ea7da000 000001f7ea7da000
0x0000007a6e9ff4e0:   00028f7f43704ab4 00007ffd82ab8639
0x0000007a6e9ff4f0:   00007ffd82f23718 00007ffd82bc32ad
0x0000007a6e9ff500:   000001f7cb96bbf0 000001f7cb96bbf0
0x0000007a6e9ff510:   000001f7cb96bbf0 431bde82d7b634db
0x0000007a6e9ff520:   000001f7eb574210 00028f7f43704ab4
0x0000007a6e9ff530:   000001f7cb96bbf0 00007ffd82be8c89
0x0000007a6e9ff540:   0000000000000001 0000000000000032
0x0000007a6e9ff550:   0000000000000032 0000000000000002
0x0000007a6e9ff560:   0000000000000000 00007ffddbe2ce30
0x0000007a6e9ff570:   000000000000027f 0000000000000000
0x0000007a6e9ff580:   0000000000000000 0000ffff00001f80
0x0000007a6e9ff590:   0000000000000000 0000000000000000
0x0000007a6e9ff5a0:   0000000000000000 0000000000000000
0x0000007a6e9ff5b0:   0000000000000000 0000007a6e9ff870
0x0000007a6e9ff5c0:   000001f7ea7da000 00007ffd82ae47f2 

Instructions: (pc=0x00007ffd82b77696)
0x00007ffd82b77676:   cc cc cc cc cc cc cc cc cc cc 48 89 5c 24 10 56
0x00007ffd82b77686:   48 83 ec 20 48 8b 35 57 6f 3a 00 33 db 48 8b 06
0x00007ffd82b77696:   39 18 7e 27 48 89 7c 24 30 8b fb 48 8b 40 18 48
0x00007ffd82b776a6:   8b 0c 07 48 8b 01 ff 50 08 48 8b 06 48 8d 7f 08 


Stack slot to memory mapping:
stack at sp + 0 slots: 0x000001f7ea7da000 points into unknown readable memory: 08 7c d8 82 fd 7f 00 00
stack at sp + 1 slots: 0x000001f7ea7da000 points into unknown readable memory: 08 7c d8 82 fd 7f 00 00
stack at sp + 2 slots: 0x00028f7f43704ab4 is an unknown value
stack at sp + 3 slots: 0x00007ffd82ab8639 jvm.dll
stack at sp + 4 slots: 0x00007ffd82f23718 jvm.dll
stack at sp + 5 slots: 0x00007ffd82bc32ad jvm.dll
stack at sp + 6 slots: 0x000001f7cb96bbf0 points into unknown readable memory: 01 00 00 00 00 00 00 00
stack at sp + 7 slots: 0x000001f7cb96bbf0 points into unknown readable memory: 01 00 00 00 00 00 00 00


---------------  P R O C E S S  ---------------

Threads class SMR info:
_java_thread_list=0x000001f7eb7be300, length=14, elements={
0x000001f7cb96e800, 0x000001f7e9cab800, 0x000001f7e9cb4800, 0x000001f7e9cc6800,
0x000001f7ea633800, 0x000001f7ea634000, 0x000001f7ea5ed000, 0x000001f7e9c3d800,
0x000001f7ea7d9000, 0x000001f7ea80b000, 0x000001f7eb679800, 0x000001f7eb6b2800,
0x000001f7eb6bc800, 0x000001f7eb7d4800
}

Java Threads: ( => current thread )
  0x000001f7cb96e800 JavaThread "main" [_thread_in_native, id=20828, stack(0x0000007a6d400000,0x0000007a6d500000)]
  0x000001f7e9cab800 JavaThread "Reference Handler" daemon [_thread_blocked, id=19620, stack(0x0000007a6db00000,0x0000007a6dc00000)]
  0x000001f7e9cb4800 JavaThread "Finalizer" daemon [_thread_blocked, id=11088, stack(0x0000007a6dc00000,0x0000007a6dd00000)]
  0x000001f7e9cc6800 JavaThread "Signal Dispatcher" daemon [_thread_blocked, id=21272, stack(0x0000007a6dd00000,0x0000007a6de00000)]
  0x000001f7ea633800 JavaThread "Attach Listener" daemon [_thread_blocked, id=6428, stack(0x0000007a6de00000,0x0000007a6df00000)]
  0x000001f7ea634000 JavaThread "C1 CompilerThread0" daemon [_thread_blocked, id=7048, stack(0x0000007a6df00000,0x0000007a6e000000)]
  0x000001f7ea5ed000 JavaThread "Sweeper thread" daemon [_thread_blocked, id=13640, stack(0x0000007a6e000000,0x0000007a6e100000)]
  0x000001f7e9c3d800 JavaThread "Common-Cleaner" daemon [_thread_blocked, id=1000, stack(0x0000007a6e100000,0x0000007a6e200000)]
  0x000001f7ea7d9000 JavaThread "C1 CompilerThread1" daemon [_thread_in_vm, id=932, stack(0x0000007a6e200000,0x0000007a6e300000)]
  0x000001f7ea80b000 JavaThread "Service Thread" daemon [_thread_blocked, id=7280, stack(0x0000007a6e400000,0x0000007a6e500000)]
  0x000001f7eb679800 JavaThread "RMI TCP Accept-0" daemon [_thread_in_native, id=900, stack(0x0000007a6e300000,0x0000007a6e400000)]
  0x000001f7eb6b2800 JavaThread "RMI TCP Accept-60132" daemon [_thread_in_native, id=18480, stack(0x0000007a6e700000,0x0000007a6e800000)]
  0x000001f7eb6bc800 JavaThread "RMI TCP Accept-0" daemon [_thread_in_native, id=10876, stack(0x0000007a6e800000,0x0000007a6e900000)]
  0x000001f7eb7d4800 JavaThread "C1 CompilerThread2" daemon [_thread_blocked, id=15476, stack(0x0000007a6ea00000,0x0000007a6eb00000)]

Other Threads:
  0x000001f7e9c82000 VMThread "VM Thread" [stack: 0x0000007a6da00000,0x0000007a6db00000] [id=19416]
=>0x000001f7ea7da000 WatcherThread [stack: 0x0000007a6e900000,0x0000007a6ea00000] [id=19300]
  0x000001f7cb984800 GCTaskThread "GC Thread#0" [stack: 0x0000007a6d500000,0x0000007a6d600000] [id=20492]
  0x000001f7ea9dd800 GCTaskThread "GC Thread#1" [stack: 0x0000007a6e500000,0x0000007a6e600000] [id=19248]
  0x000001f7ea9de000 GCTaskThread "GC Thread#2" [stack: 0x0000007a6e600000,0x0000007a6e700000] [id=9672]
  0x000001f7cb9b7800 ConcurrentGCThread "G1 Main Marker" [stack: 0x0000007a6d600000,0x0000007a6d700000] [id=18840]
  0x000001f7cb9b9000 ConcurrentGCThread "G1 Conc#0" [stack: 0x0000007a6d700000,0x0000007a6d800000] [id=7952]
  0x000001f7e9af2800 ConcurrentGCThread "G1 Refine#0" [stack: 0x0000007a6d800000,0x0000007a6d900000] [id=16808]
  0x000001f7cba2e800 ConcurrentGCThread "G1 Young RemSet Sampling" [stack: 0x0000007a6d900000,0x0000007a6da00000] [id=11068]

Threads with active compile tasks:
C1 CompilerThread11122       1       java.util.jar.Manifest$FastInputStream::peek (38 bytes)

VM state:not at safepoint (normal execution)

VM Mutex/Monitor currently owned by a thread:  ([mutex/lock_event])
[0x000001f7cb96bbf0] PeriodicTask_lock - owner thread: 0x000001f7ea7da000

Heap address: 0x0000000081c00000, size: 2020 MB, Compressed Oops mode: 32-bit
Narrow klass base: 0x0000000000000000, Narrow klass shift: 3
Compressed class space size: 1073741824 Address: 0x0000000100000000

Heap:
 garbage-first heap   total 131072K, used 27164K [0x0000000081c00000, 0x0000000100000000)
  region size 1024K, 13 young (13312K), 1 survivors (1024K)
 Metaspace       used 13362K, capacity 13784K, committed 13824K, reserved 1060864K
  class space    used 1409K, capacity 1536K, committed 1536K, reserved 1048576K
Heap Regions: E=young(eden), S=young(survivor), O=old, HS=humongous(starts), HC=humongous(continues), CS=collection set, F=free, A=archive, TAMS=top-at-mark-start (previous, next)
|   0|0x0000000081c00000, 0x0000000081d00000, 0x0000000081d00000|100%|HS|  |TAMS 0x0000000081c00000, 0x0000000081c00000| Complete 
|   1|0x0000000081d00000, 0x0000000081e00000, 0x0000000081e00000|100%| O|  |TAMS 0x0000000081d00000, 0x0000000081d00000| Untracked 
|   2|0x0000000081e00000, 0x0000000081f00000, 0x0000000081f00000|100%| O|  |TAMS 0x0000000081e00000, 0x0000000081e00000| Untracked 
|   3|0x0000000081f00000, 0x0000000082000000, 0x0000000082000000|100%| O|  |TAMS 0x0000000081f00000, 0x0000000081f00000| Untracked 
|   4|0x0000000082000000, 0x0000000082100000, 0x0000000082100000|100%| O|  |TAMS 0x0000000082000000, 0x0000000082000000| Untracked 
|   5|0x0000000082100000, 0x0000000082200000, 0x0000000082200000|100%| O|  |TAMS 0x0000000082100000, 0x0000000082100000| Untracked 
|   6|0x0000000082200000, 0x0000000082300000, 0x0000000082300000|100%| O|  |TAMS 0x0000000082200000, 0x0000000082200000| Untracked 
|   7|0x0000000082300000, 0x0000000082400000, 0x0000000082400000|100%| O|  |TAMS 0x0000000082300000, 0x0000000082300000| Untracked 
|   8|0x0000000082400000, 0x0000000082500000, 0x0000000082500000|100%| O|  |TAMS 0x0000000082400000, 0x0000000082400000| Untracked 
|   9|0x0000000082500000, 0x0000000082600000, 0x0000000082600000|100%| O|  |TAMS 0x0000000082500000, 0x0000000082500000| Untracked 
|  10|0x0000000082600000, 0x0000000082700000, 0x0000000082700000|100%| O|  |TAMS 0x0000000082600000, 0x0000000082600000| Untracked 
|  11|0x0000000082700000, 0x0000000082800000, 0x0000000082800000|100%| O|  |TAMS 0x0000000082700000, 0x0000000082700000| Untracked 
|  12|0x0000000082800000, 0x0000000082900000, 0x0000000082900000|100%| O|  |TAMS 0x0000000082800000, 0x0000000082800000| Untracked 
|  13|0x0000000082900000, 0x0000000082a00000, 0x0000000082a00000|100%| O|  |TAMS 0x0000000082900000, 0x0000000082900000| Untracked 
|  14|0x0000000082a00000, 0x0000000082b00000, 0x0000000082b00000|100%| O|  |TAMS 0x0000000082a00000, 0x0000000082a00000| Untracked 
|  15|0x0000000082b00000, 0x0000000082b87000, 0x0000000082c00000| 52%| O|  |TAMS 0x0000000082b00000, 0x0000000082b00000| Untracked 
|  16|0x0000000082c00000, 0x0000000082c00000, 0x0000000082d00000|  0%| F|  |TAMS 0x0000000082c00000, 0x0000000082c00000| Untracked 
|  17|0x0000000082d00000, 0x0000000082d00000, 0x0000000082e00000|  0%| F|  |TAMS 0x0000000082d00000, 0x0000000082d00000| Untracked 
|  18|0x0000000082e00000, 0x0000000082e00000, 0x0000000082f00000|  0%| F|  |TAMS 0x0000000082e00000, 0x0000000082e00000| Untracked 
|  19|0x0000000082f00000, 0x0000000082f00000, 0x0000000083000000|  0%| F|  |TAMS 0x0000000082f00000, 0x0000000082f00000| Untracked 
|  20|0x0000000083000000, 0x0000000083000000, 0x0000000083100000|  0%| F|  |TAMS 0x0000000083000000, 0x0000000083000000| Untracked 
|  21|0x0000000083100000, 0x0000000083100000, 0x0000000083200000|  0%| F|  |TAMS 0x0000000083100000, 0x0000000083100000| Untracked 
|  22|0x0000000083200000, 0x0000000083200000, 0x0000000083300000|  0%| F|  |TAMS 0x0000000083200000, 0x0000000083200000| Untracked 
|  23|0x0000000083300000, 0x0000000083300000, 0x0000000083400000|  0%| F|  |TAMS 0x0000000083300000, 0x0000000083300000| Untracked 
|  24|0x0000000083400000, 0x0000000083400000, 0x0000000083500000|  0%| F|  |TAMS 0x0000000083400000, 0x0000000083400000| Untracked 
|  25|0x0000000083500000, 0x0000000083500000, 0x0000000083600000|  0%| F|  |TAMS 0x0000000083500000, 0x0000000083500000| Untracked 
|  26|0x0000000083600000, 0x0000000083600000, 0x0000000083700000|  0%| F|  |TAMS 0x0000000083600000, 0x0000000083600000| Untracked 
|  27|0x0000000083700000, 0x0000000083700000, 0x0000000083800000|  0%| F|  |TAMS 0x0000000083700000, 0x0000000083700000| Untracked 
|  28|0x0000000083800000, 0x0000000083800000, 0x0000000083900000|  0%| F|  |TAMS 0x0000000083800000, 0x0000000083800000| Untracked 
|  29|0x0000000083900000, 0x0000000083900000, 0x0000000083a00000|  0%| F|  |TAMS 0x0000000083900000, 0x0000000083900000| Untracked 
|  30|0x0000000083a00000, 0x0000000083a00000, 0x0000000083b00000|  0%| F|  |TAMS 0x0000000083a00000, 0x0000000083a00000| Untracked 
|  31|0x0000000083b00000, 0x0000000083b00000, 0x0000000083c00000|  0%| F|  |TAMS 0x0000000083b00000, 0x0000000083b00000| Untracked 
|  32|0x0000000083c00000, 0x0000000083c00000, 0x0000000083d00000|  0%| F|  |TAMS 0x0000000083c00000, 0x0000000083c00000| Untracked 
|  33|0x0000000083d00000, 0x0000000083d00000, 0x0000000083e00000|  0%| F|  |TAMS 0x0000000083d00000, 0x0000000083d00000| Untracked 
|  34|0x0000000083e00000, 0x0000000083e00000, 0x0000000083f00000|  0%| F|  |TAMS 0x0000000083e00000, 0x0000000083e00000| Untracked 
|  35|0x0000000083f00000, 0x0000000083f00000, 0x0000000084000000|  0%| F|  |TAMS 0x0000000083f00000, 0x0000000083f00000| Untracked 
|  36|0x0000000084000000, 0x0000000084000000, 0x0000000084100000|  0%| F|  |TAMS 0x0000000084000000, 0x0000000084000000| Untracked 
|  37|0x0000000084100000, 0x0000000084100000, 0x0000000084200000|  0%| F|  |TAMS 0x0000000084100000, 0x0000000084100000| Untracked 
|  38|0x0000000084200000, 0x0000000084200000, 0x0000000084300000|  0%| F|  |TAMS 0x0000000084200000, 0x0000000084200000| Untracked 
|  39|0x0000000084300000, 0x0000000084300000, 0x0000000084400000|  0%| F|  |TAMS 0x0000000084300000, 0x0000000084300000| Untracked 
|  40|0x0000000084400000, 0x0000000084400000, 0x0000000084500000|  0%| F|  |TAMS 0x0000000084400000, 0x0000000084400000| Untracked 
|  41|0x0000000084500000, 0x0000000084500000, 0x0000000084600000|  0%| F|  |TAMS 0x0000000084500000, 0x0000000084500000| Untracked 
|  42|0x0000000084600000, 0x0000000084600000, 0x0000000084700000|  0%| F|  |TAMS 0x0000000084600000, 0x0000000084600000| Untracked 
|  43|0x0000000084700000, 0x0000000084700000, 0x0000000084800000|  0%| F|  |TAMS 0x0000000084700000, 0x0000000084700000| Untracked 
|  44|0x0000000084800000, 0x0000000084800000, 0x0000000084900000|  0%| F|  |TAMS 0x0000000084800000, 0x0000000084800000| Untracked 
|  45|0x0000000084900000, 0x0000000084900000, 0x0000000084a00000|  0%| F|  |TAMS 0x0000000084900000, 0x0000000084900000| Untracked 
|  46|0x0000000084a00000, 0x0000000084a00000, 0x0000000084b00000|  0%| F|  |TAMS 0x0000000084a00000, 0x0000000084a00000| Untracked 
|  47|0x0000000084b00000, 0x0000000084b00000, 0x0000000084c00000|  0%| F|  |TAMS 0x0000000084b00000, 0x0000000084b00000| Untracked 
|  48|0x0000000084c00000, 0x0000000084c00000, 0x0000000084d00000|  0%| F|  |TAMS 0x0000000084c00000, 0x0000000084c00000| Untracked 
|  49|0x0000000084d00000, 0x0000000084d00000, 0x0000000084e00000|  0%| F|  |TAMS 0x0000000084d00000, 0x0000000084d00000| Untracked 
|  50|0x0000000084e00000, 0x0000000084e00000, 0x0000000084f00000|  0%| F|  |TAMS 0x0000000084e00000, 0x0000000084e00000| Untracked 
|  51|0x0000000084f00000, 0x0000000084f00000, 0x0000000085000000|  0%| F|  |TAMS 0x0000000084f00000, 0x0000000084f00000| Untracked 
|  52|0x0000000085000000, 0x0000000085000000, 0x0000000085100000|  0%| F|  |TAMS 0x0000000085000000, 0x0000000085000000| Untracked 
|  53|0x0000000085100000, 0x0000000085100000, 0x0000000085200000|  0%| F|  |TAMS 0x0000000085100000, 0x0000000085100000| Untracked 
|  54|0x0000000085200000, 0x0000000085200000, 0x0000000085300000|  0%| F|  |TAMS 0x0000000085200000, 0x0000000085200000| Untracked 
|  55|0x0000000085300000, 0x0000000085300000, 0x0000000085400000|  0%| F|  |TAMS 0x0000000085300000, 0x0000000085300000| Untracked 
|  56|0x0000000085400000, 0x0000000085400000, 0x0000000085500000|  0%| F|  |TAMS 0x0000000085400000, 0x0000000085400000| Untracked 
|  57|0x0000000085500000, 0x0000000085500000, 0x0000000085600000|  0%| F|  |TAMS 0x0000000085500000, 0x0000000085500000| Untracked 
|  58|0x0000000085600000, 0x0000000085600000, 0x0000000085700000|  0%| F|  |TAMS 0x0000000085600000, 0x0000000085600000| Untracked 
|  59|0x0000000085700000, 0x0000000085700000, 0x0000000085800000|  0%| F|  |TAMS 0x0000000085700000, 0x0000000085700000| Untracked 
|  60|0x0000000085800000, 0x0000000085800000, 0x0000000085900000|  0%| F|  |TAMS 0x0000000085800000, 0x0000000085800000| Untracked 
|  61|0x0000000085900000, 0x0000000085900000, 0x0000000085a00000|  0%| F|  |TAMS 0x0000000085900000, 0x0000000085900000| Untracked 
|  62|0x0000000085a00000, 0x0000000085a00000, 0x0000000085b00000|  0%| F|  |TAMS 0x0000000085a00000, 0x0000000085a00000| Untracked 
|  63|0x0000000085b00000, 0x0000000085b00000, 0x0000000085c00000|  0%| F|  |TAMS 0x0000000085b00000, 0x0000000085b00000| Untracked 
|  64|0x0000000085c00000, 0x0000000085c00000, 0x0000000085d00000|  0%| F|  |TAMS 0x0000000085c00000, 0x0000000085c00000| Untracked 
|  65|0x0000000085d00000, 0x0000000085d00000, 0x0000000085e00000|  0%| F|  |TAMS 0x0000000085d00000, 0x0000000085d00000| Untracked 
|  66|0x0000000085e00000, 0x0000000085e00000, 0x0000000085f00000|  0%| F|  |TAMS 0x0000000085e00000, 0x0000000085e00000| Untracked 
|  67|0x0000000085f00000, 0x0000000085f00000, 0x0000000086000000|  0%| F|  |TAMS 0x0000000085f00000, 0x0000000085f00000| Untracked 
|  68|0x0000000086000000, 0x0000000086000000, 0x0000000086100000|  0%| F|  |TAMS 0x0000000086000000, 0x0000000086000000| Untracked 
|  69|0x0000000086100000, 0x0000000086100000, 0x0000000086200000|  0%| F|  |TAMS 0x0000000086100000, 0x0000000086100000| Untracked 
|  70|0x0000000086200000, 0x0000000086200000, 0x0000000086300000|  0%| F|  |TAMS 0x0000000086200000, 0x0000000086200000| Untracked 
|  71|0x0000000086300000, 0x0000000086300000, 0x0000000086400000|  0%| F|  |TAMS 0x0000000086300000, 0x0000000086300000| Untracked 
|  72|0x0000000086400000, 0x0000000086400000, 0x0000000086500000|  0%| F|  |TAMS 0x0000000086400000, 0x0000000086400000| Untracked 
|  73|0x0000000086500000, 0x0000000086500000, 0x0000000086600000|  0%| F|  |TAMS 0x0000000086500000, 0x0000000086500000| Untracked 
|  74|0x0000000086600000, 0x0000000086600000, 0x0000000086700000|  0%| F|  |TAMS 0x0000000086600000, 0x0000000086600000| Untracked 
|  75|0x0000000086700000, 0x0000000086700000, 0x0000000086800000|  0%| F|  |TAMS 0x0000000086700000, 0x0000000086700000| Untracked 
|  76|0x0000000086800000, 0x0000000086800000, 0x0000000086900000|  0%| F|  |TAMS 0x0000000086800000, 0x0000000086800000| Untracked 
|  77|0x0000000086900000, 0x0000000086900000, 0x0000000086a00000|  0%| F|  |TAMS 0x0000000086900000, 0x0000000086900000| Untracked 
|  78|0x0000000086a00000, 0x0000000086a00000, 0x0000000086b00000|  0%| F|  |TAMS 0x0000000086a00000, 0x0000000086a00000| Untracked 
|  79|0x0000000086b00000, 0x0000000086b00000, 0x0000000086c00000|  0%| F|  |TAMS 0x0000000086b00000, 0x0000000086b00000| Untracked 
|  80|0x0000000086c00000, 0x0000000086c00000, 0x0000000086d00000|  0%| F|  |TAMS 0x0000000086c00000, 0x0000000086c00000| Untracked 
|  81|0x0000000086d00000, 0x0000000086d00000, 0x0000000086e00000|  0%| F|  |TAMS 0x0000000086d00000, 0x0000000086d00000| Untracked 
|  82|0x0000000086e00000, 0x0000000086e00000, 0x0000000086f00000|  0%| F|  |TAMS 0x0000000086e00000, 0x0000000086e00000| Untracked 
|  83|0x0000000086f00000, 0x0000000086f00000, 0x0000000087000000|  0%| F|  |TAMS 0x0000000086f00000, 0x0000000086f00000| Untracked 
|  84|0x0000000087000000, 0x0000000087000000, 0x0000000087100000|  0%| F|  |TAMS 0x0000000087000000, 0x0000000087000000| Untracked 
|  85|0x0000000087100000, 0x0000000087100000, 0x0000000087200000|  0%| F|  |TAMS 0x0000000087100000, 0x0000000087100000| Untracked 
|  86|0x0000000087200000, 0x0000000087200000, 0x0000000087300000|  0%| F|  |TAMS 0x0000000087200000, 0x0000000087200000| Untracked 
|  87|0x0000000087300000, 0x0000000087300000, 0x0000000087400000|  0%| F|  |TAMS 0x0000000087300000, 0x0000000087300000| Untracked 
|  88|0x0000000087400000, 0x0000000087400000, 0x0000000087500000|  0%| F|  |TAMS 0x0000000087400000, 0x0000000087400000| Untracked 
|  89|0x0000000087500000, 0x0000000087500000, 0x0000000087600000|  0%| F|  |TAMS 0x0000000087500000, 0x0000000087500000| Untracked 
|  90|0x0000000087600000, 0x0000000087600000, 0x0000000087700000|  0%| F|  |TAMS 0x0000000087600000, 0x0000000087600000| Untracked 
|  91|0x0000000087700000, 0x0000000087700000, 0x0000000087800000|  0%| F|  |TAMS 0x0000000087700000, 0x0000000087700000| Untracked 
|  92|0x0000000087800000, 0x0000000087800000, 0x0000000087900000|  0%| F|  |TAMS 0x0000000087800000, 0x0000000087800000| Untracked 
|  93|0x0000000087900000, 0x0000000087900000, 0x0000000087a00000|  0%| F|  |TAMS 0x0000000087900000, 0x0000000087900000| Untracked 
|  94|0x0000000087a00000, 0x0000000087a00000, 0x0000000087b00000|  0%| F|  |TAMS 0x0000000087a00000, 0x0000000087a00000| Untracked 
|  95|0x0000000087b00000, 0x0000000087b00000, 0x0000000087c00000|  0%| F|  |TAMS 0x0000000087b00000, 0x0000000087b00000| Untracked 
|  96|0x0000000087c00000, 0x0000000087c00000, 0x0000000087d00000|  0%| F|  |TAMS 0x0000000087c00000, 0x0000000087c00000| Untracked 
|  97|0x0000000087d00000, 0x0000000087d00000, 0x0000000087e00000|  0%| F|  |TAMS 0x0000000087d00000, 0x0000000087d00000| Untracked 
|  98|0x0000000087e00000, 0x0000000087e00000, 0x0000000087f00000|  0%| F|  |TAMS 0x0000000087e00000, 0x0000000087e00000| Untracked 
|  99|0x0000000087f00000, 0x0000000087f00000, 0x0000000088000000|  0%| F|  |TAMS 0x0000000087f00000, 0x0000000087f00000| Untracked 
| 100|0x0000000088000000, 0x0000000088000000, 0x0000000088100000|  0%| F|  |TAMS 0x0000000088000000, 0x0000000088000000| Untracked 
| 101|0x0000000088100000, 0x0000000088100000, 0x0000000088200000|  0%| F|  |TAMS 0x0000000088100000, 0x0000000088100000| Untracked 
| 102|0x0000000088200000, 0x0000000088200000, 0x0000000088300000|  0%| F|  |TAMS 0x0000000088200000, 0x0000000088200000| Untracked 
| 103|0x0000000088300000, 0x0000000088300000, 0x0000000088400000|  0%| F|  |TAMS 0x0000000088300000, 0x0000000088300000| Untracked 
| 104|0x0000000088400000, 0x0000000088400000, 0x0000000088500000|  0%| F|  |TAMS 0x0000000088400000, 0x0000000088400000| Untracked 
| 105|0x0000000088500000, 0x0000000088500000, 0x0000000088600000|  0%| F|  |TAMS 0x0000000088500000, 0x0000000088500000| Untracked 
| 106|0x0000000088600000, 0x0000000088600000, 0x0000000088700000|  0%| F|  |TAMS 0x0000000088600000, 0x0000000088600000| Untracked 
| 107|0x0000000088700000, 0x0000000088700000, 0x0000000088800000|  0%| F|  |TAMS 0x0000000088700000, 0x0000000088700000| Untracked 
| 108|0x0000000088800000, 0x0000000088800000, 0x0000000088900000|  0%| F|  |TAMS 0x0000000088800000, 0x0000000088800000| Untracked 
| 109|0x0000000088900000, 0x0000000088900000, 0x0000000088a00000|  0%| F|  |TAMS 0x0000000088900000, 0x0000000088900000| Untracked 
| 110|0x0000000088a00000, 0x0000000088a00000, 0x0000000088b00000|  0%| F|  |TAMS 0x0000000088a00000, 0x0000000088a00000| Untracked 
| 111|0x0000000088b00000, 0x0000000088b00000, 0x0000000088c00000|  0%| F|  |TAMS 0x0000000088b00000, 0x0000000088b00000| Untracked 
| 112|0x0000000088c00000, 0x0000000088c00000, 0x0000000088d00000|  0%| F|  |TAMS 0x0000000088c00000, 0x0000000088c00000| Untracked 
| 113|0x0000000088d00000, 0x0000000088d00000, 0x0000000088e00000|  0%| F|  |TAMS 0x0000000088d00000, 0x0000000088d00000| Untracked 
| 114|0x0000000088e00000, 0x0000000088e6cd30, 0x0000000088f00000| 42%| E|  |TAMS 0x0000000088e00000, 0x0000000088e00000| Complete 
| 115|0x0000000088f00000, 0x0000000089000000, 0x0000000089000000|100%| E|CS|TAMS 0x0000000088f00000, 0x0000000088f00000| Complete 
| 116|0x0000000089000000, 0x0000000089100000, 0x0000000089100000|100%| E|CS|TAMS 0x0000000089000000, 0x0000000089000000| Complete 
| 117|0x0000000089100000, 0x0000000089200000, 0x0000000089200000|100%| E|CS|TAMS 0x0000000089100000, 0x0000000089100000| Complete 
| 118|0x0000000089200000, 0x0000000089300000, 0x0000000089300000|100%| E|CS|TAMS 0x0000000089200000, 0x0000000089200000| Complete 
| 119|0x0000000089300000, 0x0000000089400000, 0x0000000089400000|100%| E|CS|TAMS 0x0000000089300000, 0x0000000089300000| Complete 
| 120|0x0000000089400000, 0x0000000089500000, 0x0000000089500000|100%| E|  |TAMS 0x0000000089400000, 0x0000000089400000| Complete 
| 121|0x0000000089500000, 0x0000000089600000, 0x0000000089600000|100%| E|CS|TAMS 0x0000000089500000, 0x0000000089500000| Complete 
| 122|0x0000000089600000, 0x0000000089700000, 0x0000000089700000|100%| S|CS|TAMS 0x0000000089600000, 0x0000000089600000| Complete 
| 123|0x0000000089700000, 0x0000000089800000, 0x0000000089800000|100%| E|CS|TAMS 0x0000000089700000, 0x0000000089700000| Complete 
| 124|0x0000000089800000, 0x0000000089900000, 0x0000000089900000|100%| E|CS|TAMS 0x0000000089800000, 0x0000000089800000| Complete 
| 125|0x0000000089900000, 0x0000000089a00000, 0x0000000089a00000|100%| E|CS|TAMS 0x0000000089900000, 0x0000000089900000| Complete 
| 126|0x0000000089a00000, 0x0000000089b00000, 0x0000000089b00000|100%| E|CS|TAMS 0x0000000089a00000, 0x0000000089a00000| Complete 
| 127|0x0000000089b00000, 0x0000000089c00000, 0x0000000089c00000|100%| E|CS|TAMS 0x0000000089b00000, 0x0000000089b00000| Complete 

Card table byte_map: [0x000001f7e3080000,0x000001f7e3480000] _byte_map_base: 0x000001f7e2c72000

Marking Bits (Prev, Next): (CMBitMap*) 0x000001f7cb9aec68, (CMBitMap*) 0x000001f7cb9aeca0
 Prev Bits: [0x000001f7e3880000, 0x000001f7e5810000)
 Next Bits: [0x000001f7e5810000, 0x000001f7e77a0000)

Polling page: 0x000001f7c96d0000

Metaspace:

Usage:
  Non-class:     12.02 MB capacity,    11.80 MB ( 98%) used,   200.19 KB (  2%) free+waste,    31.31 KB ( <1%) overhead. 
      Class:      1.53 MB capacity,     1.39 MB ( 91%) used,   131.45 KB (  8%) free+waste,    15.38 KB ( <1%) overhead. 
       Both:     13.55 MB capacity,    13.19 MB ( 97%) used,   331.63 KB (  2%) free+waste,    46.69 KB ( <1%) overhead. 

Virtual space:
  Non-class space:       14.00 MB reserved,      12.25 MB ( 88%) committed 
      Class space:        1.00 GB reserved,       1.63 MB ( <1%) committed 
             Both:        1.01 GB reserved,      13.88 MB (  1%) committed 

Chunk freelists:
   Non-Class:  5.00 KB
       Class:  0 bytes
        Both:  5.00 KB

CodeHeap 'non-profiled nmethods': size=238912Kb used=1955Kb max_used=1955Kb free=236956Kb
 bounds [0x000001f7d4330000, 0x000001f7d45a0000, 0x000001f7e2c80000]
CodeHeap 'non-nmethods': size=6848Kb used=2237Kb max_used=2237Kb free=4610Kb
 bounds [0x000001f7d3c80000, 0x000001f7d3f40000, 0x000001f7d4330000]
 total_blobs=1749 nmethods=1317 adapters=339
 compilation: enabled
              stopped_count=0, restarted_count=0
 full_count=0

Compilation events (10 events):
Event: 5.604 Thread 0x000001f7ea634000 1138       1       sun.nio.cs.MS1252::historicalName (3 bytes)
Event: 5.604 Thread 0x000001f7ea634000 nmethod 1138 0x000001f7d44bef90 code [0x000001f7d44bf140, 0x000001f7d44bf258]
Event: 5.610 Thread 0x000001f7ea634000 1141       1       java.security.ProtectionDomain::getCodeSource (5 bytes)
Event: 5.610 Thread 0x000001f7ea634000 nmethod 1141 0x000001f7d44bf310 code [0x000001f7d44bf4c0, 0x000001f7d44bf5d8]
Event: 5.612 Thread 0x000001f7ea634000 1142       1       sun.net.www.ParseUtil::encodePath (41 bytes)
Event: 5.612 Thread 0x000001f7ea634000 nmethod 1142 0x000001f7d44bf690 code [0x000001f7d44bf860, 0x000001f7d44bfa10]
Event: 5.618 Thread 0x000001f7ea634000 1143       1       java.lang.ClassLoader::checkName (37 bytes)
Event: 5.620 Thread 0x000001f7ea634000 nmethod 1143 0x000001f7d44bfb10 code [0x000001f7d44bfd00, 0x000001f7d44c0020]
Event: 5.623 Thread 0x000001f7ea634000 1144       1       jdk.internal.loader.URLClassPath$Loader::getBaseURL (5 bytes)
Event: 5.623 Thread 0x000001f7ea634000 nmethod 1144 0x000001f7d44c0210 code [0x000001f7d44c03c0, 0x000001f7d44c04d8]

GC Heap History (4 events):
Event: 3.582 GC heap before
{Heap before GC invocations=0 (full 0):
 garbage-first heap   total 131072K, used 14336K [0x0000000081c00000, 0x0000000100000000)
  region size 1024K, 14 young (14336K), 0 survivors (0K)
 Metaspace       used 6150K, capacity 6234K, committed 6528K, reserved 1056768K
  class space    used 546K, capacity 567K, committed 640K, reserved 1048576K
}
Event: 3.590 GC heap after
{Heap after GC invocations=1 (full 0):
 garbage-first heap   total 131072K, used 11703K [0x0000000081c00000, 0x0000000100000000)
  region size 1024K, 2 young (2048K), 2 survivors (2048K)
 Metaspace       used 6150K, capacity 6234K, committed 6528K, reserved 1056768K
  class space    used 546K, capacity 567K, committed 640K, reserved 1048576K
}
Event: 3.758 GC heap before
{Heap before GC invocations=1 (full 0):
 garbage-first heap   total 131072K, used 15799K [0x0000000081c00000, 0x0000000100000000)
  region size 1024K, 7 young (7168K), 2 survivors (2048K)
 Metaspace       used 6151K, capacity 6234K, committed 6528K, reserved 1056768K
  class space    used 546K, capacity 567K, committed 640K, reserved 1048576K
}
Event: 3.762 GC heap after
{Heap after GC invocations=2 (full 0):
 garbage-first heap   total 131072K, used 16924K [0x0000000081c00000, 0x0000000100000000)
  region size 1024K, 1 young (1024K), 1 survivors (1024K)
 Metaspace       used 6151K, capacity 6234K, committed 6528K, reserved 1056768K
  class space    used 546K, capacity 567K, committed 640K, reserved 1048576K
}

Deoptimization events (0 events):
No events

Classes redefined (0 events):
No events

Internal exceptions (10 events):
Event: 3.909 Thread 0x000001f7cb96e800 Exception <a 'java/lang/NoSuchMethodError'{0x00000000899d3318}: java.lang.invoke.DirectMethodHandle$Holder.invokeStatic(Ljava/lang/Object;Ljava/lang/Object;Ljava/lang/Object;Ljava/lang/Object;Ljava/lang/Object;Ljava/lang/Object;Ljava/lang/Object;Ljava/lan
Event: 4.041 Thread 0x000001f7cb96e800 Exception <a 'java/lang/NoSuchMethodError'{0x00000000897be520}: java.lang.invoke.DirectMethodHandle$Holder.invokeSpecialIFC(Ljava/lang/Object;Ljava/lang/Object;Ljava/lang/Object;)I> (0x00000000897be520) thrown at [t:/workspace/open/src/hotspot/share/inter
Event: 4.061 Thread 0x000001f7cb96e800 Exception <a 'java/lang/NoSuchMethodError'{0x00000000895272a0}: java.lang.invoke.DirectMethodHandle$Holder.invokeStatic(Ljava/lang/Object;IIII)Ljava/lang/Object;> (0x00000000895272a0) thrown at [t:/workspace/open/src/hotspot/share/interpreter/linkResolver
Event: 4.061 Thread 0x000001f7cb96e800 Exception <a 'java/lang/NoSuchMethodError'{0x000000008952a3b8}: java.lang.invoke.DirectMethodHandle$Holder.invokeStaticInit(Ljava/lang/Object;IIII)Ljava/lang/Object;> (0x000000008952a3b8) thrown at [t:/workspace/open/src/hotspot/share/interpreter/linkReso
Event: 5.479 Thread 0x000001f7cb96e800 Exception <a 'java/lang/NoSuchMethodError'{0x0000000089552458}: java.lang.invoke.DirectMethodHandle$Holder.invokeStatic(Ljava/lang/Object;Ljava/lang/Object;IIII)Ljava/lang/Object;> (0x0000000089552458) thrown at [t:/workspace/open/src/hotspot/share/interp
Event: 5.479 Thread 0x000001f7cb96e800 Exception <a 'java/lang/NoSuchMethodError'{0x00000000895557a0}: java.lang.invoke.DirectMethodHandle$Holder.invokeStaticInit(Ljava/lang/Object;Ljava/lang/Object;IIII)Ljava/lang/Object;> (0x00000000895557a0) thrown at [t:/workspace/open/src/hotspot/share/in
Event: 5.494 Thread 0x000001f7cb96e800 Exception <a 'java/lang/ClassNotFoundException'{0x0000000089572fb8}: javax/management/remote/rmi/RMIServerImpl_Skel> (0x0000000089572fb8) thrown at [t:/workspace/open/src/hotspot/share/classfile/systemDictionary.cpp, line 231]
Event: 5.533 Thread 0x000001f7cb96e800 Exception <a 'java/lang/ClassNotFoundException'{0x000000008941edc8}: jdk/internal/agent/resources/spi/agentProvider> (0x000000008941edc8) thrown at [t:/workspace/open/src/hotspot/share/classfile/systemDictionary.cpp, line 231]
Event: 5.542 Thread 0x000001f7cb96e800 Exception <a 'java/lang/NoSuchMethodError'{0x00000000894746c8}: java.lang.invoke.DirectMethodHandle$Holder.invokeStatic(Ljava/lang/Object;Ljava/lang/Object;Ljava/lang/Object;Ljava/lang/Object;Ljava/lang/Object;Ljava/lang/Object;Ljava/lang/Object;Ljava/lan
Event: 5.544 Thread 0x000001f7cb96e800 Exception <a 'java/lang/NoSuchMethodError'{0x0000000089480ee8}: java.lang.invoke.DirectMethodHandle$Holder.invokeStatic(Ljava/lang/Object;Ljava/lang/Object;Ljava/lang/Object;Ljava/lang/Object;Ljava/lang/Object;Ljava/lang/Object;Ljava/lang/Object;Ljava/lan

Events (10 events):
Event: 5.620 loading class ch/qos/logback/classic/util/ContextInitializer
Event: 5.620 loading class ch/qos/logback/classic/util/ContextInitializer done
Event: 5.621 loading class ch/qos/logback/core/util/StatusListenerConfigHelper
Event: 5.621 loading class ch/qos/logback/core/util/StatusListenerConfigHelper done
Event: 5.622 loading class ch/qos/logback/core/util/OptionHelper
Event: 5.622 loading class ch/qos/logback/core/util/OptionHelper done
Event: 5.624 loading class ch/qos/logback/core/util/Loader
Event: 5.624 loading class ch/qos/logback/core/util/Loader done
Event: 5.625 loading class ch/qos/logback/core/util/Loader$1
Event: 5.625 loading class ch/qos/logback/core/util/Loader$1 done


Dynamic libraries:
0x00007ff65f780000 - 0x00007ff65f7c7000 	C:\Program Files\Java\jdk-11.0.2\bin\javaw.exe
0x00007ffddbdc0000 - 0x00007ffddbfb0000 	C:\WINDOWS\SYSTEM32\ntdll.dll
0x00007ffdda320000 - 0x00007ffdda3d2000 	C:\WINDOWS\System32\KERNEL32.DLL
0x00007ffdd94d0000 - 0x00007ffdd9774000 	C:\WINDOWS\System32\KERNELBASE.dll
0x00007ffddbbf0000 - 0x00007ffddbc93000 	C:\WINDOWS\System32\ADVAPI32.dll
0x00007ffddb830000 - 0x00007ffddb8ce000 	C:\WINDOWS\System32\msvcrt.dll
0x00007ffddaca0000 - 0x00007ffddad37000 	C:\WINDOWS\System32\sechost.dll
0x00007ffddb640000 - 0x00007ffddb760000 	C:\WINDOWS\System32\RPCRT4.dll
0x00007ffddaa60000 - 0x00007ffddabf4000 	C:\WINDOWS\System32\USER32.dll
0x00007ffdd9ac0000 - 0x00007ffdd9ae1000 	C:\WINDOWS\System32\win32u.dll
0x00007ffdd9e80000 - 0x00007ffdd9ea6000 	C:\WINDOWS\System32\GDI32.dll
0x00007ffdd9b70000 - 0x00007ffdd9d05000 	C:\WINDOWS\System32\gdi32full.dll
0x00007ffdd9800000 - 0x00007ffdd989e000 	C:\WINDOWS\System32\msvcp_win.dll
0x00007ffdd9d70000 - 0x00007ffdd9e6a000 	C:\WINDOWS\System32\ucrtbase.dll
0x00007ffdcf820000 - 0x00007ffdcfaa4000 	C:\WINDOWS\WinSxS\amd64_microsoft.windows.common-controls_6595b64144ccf1df_6.0.18362.900_none_e6beb9d913147d17\COMCTL32.dll
0x00007ffdda5c0000 - 0x00007ffdda8f5000 	C:\WINDOWS\System32\combase.dll
0x00007ffdd9780000 - 0x00007ffdd9800000 	C:\WINDOWS\System32\bcryptPrimitives.dll
0x00007ffdd0fe0000 - 0x00007ffdd0fea000 	C:\WINDOWS\SYSTEM32\VERSION.dll
0x00007ffddbd50000 - 0x00007ffddbd7e000 	C:\WINDOWS\System32\IMM32.DLL
0x00007ffda6340000 - 0x00007ffda6356000 	C:\Program Files\Java\jdk-11.0.2\bin\vcruntime140.dll
0x00007ffd933b0000 - 0x00007ffd9345a000 	C:\Program Files\Java\jdk-11.0.2\bin\msvcp140.dll
0x00007ffd824b0000 - 0x00007ffd82fd7000 	C:\Program Files\Java\jdk-11.0.2\bin\server\jvm.dll
0x00007ffdd9e70000 - 0x00007ffdd9e78000 	C:\WINDOWS\System32\PSAPI.DLL
0x00007ffdc8640000 - 0x00007ffdc8649000 	C:\WINDOWS\SYSTEM32\WSOCK32.dll
0x00007ffdce840000 - 0x00007ffdce864000 	C:\WINDOWS\SYSTEM32\WINMM.dll
0x00007ffdda9e0000 - 0x00007ffddaa4f000 	C:\WINDOWS\System32\WS2_32.dll
0x00007ffdce810000 - 0x00007ffdce83d000 	C:\WINDOWS\SYSTEM32\winmmbase.dll
0x00007ffdd9af0000 - 0x00007ffdd9b3a000 	C:\WINDOWS\System32\cfgmgr32.dll
0x00007ffdd8cb0000 - 0x00007ffdd8cc1000 	C:\WINDOWS\System32\kernel.appcore.dll
0x00007ffdd1f10000 - 0x00007ffdd1f21000 	C:\Program Files\Java\jdk-11.0.2\bin\verify.dll
0x00007ffdcf620000 - 0x00007ffdcf814000 	C:\WINDOWS\SYSTEM32\DBGHELP.DLL
0x00007ffdcf5f0000 - 0x00007ffdcf61a000 	C:\WINDOWS\SYSTEM32\dbgcore.DLL
0x00007ffdb3000000 - 0x00007ffdb3029000 	C:\Program Files\Java\jdk-11.0.2\bin\java.dll
0x00007ffdcec20000 - 0x00007ffdcec36000 	C:\Program Files\Java\jdk-11.0.2\bin\zip.dll
0x00007ffdd4160000 - 0x00007ffdd416a000 	C:\Program Files\Java\jdk-11.0.2\bin\jimage.dll
0x00007ffddaf50000 - 0x00007ffddb636000 	C:\WINDOWS\System32\SHELL32.dll
0x00007ffdda440000 - 0x00007ffdda4e9000 	C:\WINDOWS\System32\shcore.dll
0x00007ffdd8d50000 - 0x00007ffdd94d0000 	C:\WINDOWS\System32\windows.storage.dll
0x00007ffdd8cd0000 - 0x00007ffdd8cf3000 	C:\WINDOWS\System32\profapi.dll
0x00007ffdd8d00000 - 0x00007ffdd8d4a000 	C:\WINDOWS\System32\powrprof.dll
0x00007ffdd8c80000 - 0x00007ffdd8c90000 	C:\WINDOWS\System32\UMPDC.dll
0x00007ffddad40000 - 0x00007ffddad92000 	C:\WINDOWS\System32\shlwapi.dll
0x00007ffdd9aa0000 - 0x00007ffdd9ab7000 	C:\WINDOWS\System32\cryptsp.dll
0x00007ffdce0c0000 - 0x00007ffdce0d9000 	C:\Program Files\Java\jdk-11.0.2\bin\net.dll
0x00007ffdd00f0000 - 0x00007ffdd02c6000 	C:\WINDOWS\SYSTEM32\urlmon.dll
0x00007ffdd4dd0000 - 0x00007ffdd4ec0000 	C:\WINDOWS\SYSTEM32\WINHTTP.dll
0x00007ffdcfd90000 - 0x00007ffdd0036000 	C:\WINDOWS\SYSTEM32\iertutil.dll
0x00007ffdd86c0000 - 0x00007ffdd86cc000 	C:\WINDOWS\SYSTEM32\CRYPTBASE.DLL
0x00007ffdd84f0000 - 0x00007ffdd8557000 	C:\WINDOWS\system32\mswsock.dll
0x00007ffdb30b0000 - 0x00007ffdb30c3000 	C:\Program Files\Java\jdk-11.0.2\bin\nio.dll
0x00007ffdd2b30000 - 0x00007ffdd2b39000 	C:\Program Files\Java\jdk-11.0.2\bin\management.dll
0x00007ffdb4a40000 - 0x00007ffdb4a4c000 	C:\Program Files\Java\jdk-11.0.2\bin\management_ext.dll
0x00007ffdc9fe0000 - 0x00007ffdc9ff6000 	C:\WINDOWS\system32\napinsp.dll
0x00007ffdc9f40000 - 0x00007ffdc9f5a000 	C:\WINDOWS\system32\pnrpnsp.dll
0x00007ffdd8290000 - 0x00007ffdd835b000 	C:\WINDOWS\SYSTEM32\DNSAPI.dll
0x00007ffddaa50000 - 0x00007ffddaa58000 	C:\WINDOWS\System32\NSI.dll
0x00007ffdd8200000 - 0x00007ffdd823a000 	C:\WINDOWS\SYSTEM32\IPHLPAPI.DLL
0x00007ffdc9ee0000 - 0x00007ffdc9eee000 	C:\WINDOWS\System32\winrnr.dll
0x00007ffdd2d90000 - 0x00007ffdd2dac000 	C:\WINDOWS\system32\NLAapi.dll
0x00007ffdc9ec0000 - 0x00007ffdc9ed5000 	C:\WINDOWS\system32\wshbth.dll
0x00007ffdd1be0000 - 0x00007ffdd1bea000 	C:\Windows\System32\rasadhlp.dll
0x00007ffdd1fb0000 - 0x00007ffdd2027000 	C:\WINDOWS\System32\fwpuclnt.dll
0x00007ffdd9b40000 - 0x00007ffdd9b66000 	C:\WINDOWS\System32\bcrypt.dll
0x00007ffdd8060000 - 0x00007ffdd8093000 	C:\WINDOWS\system32\rsaenh.dll
0x00007ffdd8b70000 - 0x00007ffdd8b95000 	C:\WINDOWS\SYSTEM32\USERENV.dll
0x00007ffdd21e0000 - 0x00007ffdd21f6000 	C:\WINDOWS\SYSTEM32\dhcpcsvc6.DLL
0x00007ffdd21c0000 - 0x00007ffdd21dc000 	C:\WINDOWS\SYSTEM32\dhcpcsvc.DLL

dbghelp: loaded successfully - version: 4.0.5 - missing functions: none
symbol engine: initialized successfully - sym options: 0x614 - pdb path: .;C:\Program Files\Java\jdk-11.0.2\bin;C:\WINDOWS\SYSTEM32;C:\WINDOWS\WinSxS\amd64_microsoft.windows.common-controls_6595b64144ccf1df_6.0.18362.900_none_e6beb9d913147d17;C:\Program Files\Java\jdk-11.0.2\bin\server

VM Arguments:
jvm_args: -Dcom.sun.management.jmxremote -Dcom.sun.management.jmxremote.port=60132 -Dcom.sun.management.jmxremote.authenticate=false -Dcom.sun.management.jmxremote.ssl=false -Djava.rmi.server.hostname=localhost -Dspring.jmx.enabled=true -Dspring.application.admin.enabled=true -Xverify:none -XX:TieredStopAtLevel=1 -Dspring.boot.project.name=curso-spring-udemy-nelio-2 -Dfile.encoding=UTF-8 
java_command: br.com.daysesoares.CursoSpringParte1Application --spring.output.ansi.enabled=always
java_class_path (initial): C:\Users\dayse\Documents\workspaces\ws-spring\curso-spring-udemy-nelio-2\target\classes;C:\Users\dayse\.m2\repository\org\springframework\boot\spring-boot-starter-web\2.2.6.RELEASE\spring-boot-starter-web-2.2.6.RELEASE.jar;C:\Users\dayse\.m2\repository\org\springframework\boot\spring-boot-starter\2.2.6.RELEASE\spring-boot-starter-2.2.6.RELEASE.jar;C:\Users\dayse\.m2\repository\org\springframework\boot\spring-boot-starter-logging\2.2.6.RELEASE\spring-boot-starter-logging-2.2.6.RELEASE.jar;C:\Users\dayse\.m2\repository\ch\qos\logback\logback-classic\1.2.3\logback-classic-1.2.3.jar;C:\Users\dayse\.m2\repository\ch\qos\logback\logback-core\1.2.3\logback-core-1.2.3.jar;C:\Users\dayse\.m2\repository\org\apache\logging\log4j\log4j-to-slf4j\2.12.1\log4j-to-slf4j-2.12.1.jar;C:\Users\dayse\.m2\repository\org\apache\logging\log4j\log4j-api\2.12.1\log4j-api-2.12.1.jar;C:\Users\dayse\.m2\repository\org\slf4j\jul-to-slf4j\1.7.30\jul-to-slf4j-1.7.30.jar;C:\Users\dayse\.m2\repository\jakarta\annotation\jakarta.annotation-api\1.3.5\jakarta.annotation-api-1.3.5.jar;C:\Users\dayse\.m2\repository\org\yaml\snakeyaml\1.25\snakeyaml-1.25.jar;C:\Users\dayse\.m2\repository\org\springframework\boot\spring-boot-starter-json\2.2.6.RELEASE\spring-boot-starter-json-2.2.6.RELEASE.jar;C:\Users\dayse\.m2\repository\com\fasterxml\jackson\datatype\jackson-datatype-jdk8\2.10.3\jackson-datatype-jdk8-2.10.3.jar;C:\Users\dayse\.m2\repository\com\fasterxml\jackson\datatype\jackson-datatype-jsr310\2.10.3\jackson-datatype-jsr310-2.10.3.jar;C:\Users\dayse\.m2\repository\com\fasterxml\jackson\module\jackson-module-parameter-names\2.10.3\jackson-module-parameter-names-2.10.3.jar;C:\Users\dayse\.m2\repository\org\springframework\boot\spring-boot-starter-tomcat\2.2.6.RELEASE\spring-boot-starter-tomcat-2.2.6.RELEASE.jar;C:\Users\dayse\.m2\repository\org\apache\tomcat\embed\tomcat-embed-core\9.0.33\tomcat-embed-core-9.0.33.jar;C:\Users\dayse\.m2\repository\org\apache\tomcat\embed\tomca
Launcher Type: SUN_STANDARD

[Global flags]
     bool BytecodeVerificationLocal                = false                                     {product} {command line}
     bool BytecodeVerificationRemote               = false                                     {product} {command line}
     intx CICompilerCount                          = 3                                         {product} {ergonomic}
     uint ConcGCThreads                            = 1                                         {product} {ergonomic}
     uint G1ConcRefinementThreads                  = 4                                         {product} {ergonomic}
   size_t G1HeapRegionSize                         = 1048576                                   {product} {ergonomic}
    uintx GCDrainStackTargetSize                   = 64                                        {product} {ergonomic}
   size_t InitialHeapSize                          = 134217728                                 {product} {ergonomic}
     bool ManagementServer                         = true                                      {product} {command line}
   size_t MarkStackSize                            = 4194304                                   {product} {ergonomic}
   size_t MaxHeapSize                              = 2118123520                                {product} {ergonomic}
   size_t MaxNewSize                               = 1270874112                                {product} {ergonomic}
   size_t MinHeapDeltaBytes                        = 1048576                                   {product} {ergonomic}
    uintx NonNMethodCodeHeapSize                   = 6973028                                {pd product} {ergonomic}
    uintx NonProfiledCodeHeapSize                  = 244685212                              {pd product} {ergonomic}
    uintx ProfiledCodeHeapSize                     = 0                                      {pd product} {ergonomic}
    uintx ReservedCodeCacheSize                    = 251658240                              {pd product} {ergonomic}
     bool SegmentedCodeCache                       = true                                      {product} {ergonomic}
     intx TieredStopAtLevel                        = 1                                         {product} {command line}
     bool UseCompressedClassPointers               = true                                 {lp64_product} {ergonomic}
     bool UseCompressedOops                        = true                                 {lp64_product} {ergonomic}
     bool UseG1GC                                  = true                                      {product} {ergonomic}
     bool UseLargePagesIndividualAllocation        = false                                  {pd product} {ergonomic}

Logging:
Log output configuration:
 #0: stdout all=warning uptime,level,tags
 #1: stderr all=off uptime,level,tags

Environment Variables:
JAVA_HOME=C:\Program Files\Java\jdk-11.0.2
PATH=C:/Program Files/Java/jdk-11.0.2/bin/server;C:/Program Files/Java/jdk-11.0.2/bin;C:\Program Files\Java\jdk-11.0.2\bin;C:\ProgramData\Oracle\Java\javapath;C:\WINDOWS\system32;C:\WINDOWS;C:\WINDOWS\System32\Wbem;C:\WINDOWS\System32\WindowsPowerShell\v1.0\;C:\WINDOWS\System32\OpenSSH\;C:\Program Files\dotnet\;C:\Program Files\Microsoft SQL Server\130\Tools\Binn\;C:\Program Files\Git\cmd;C:\Program Files\Microsoft SQL Server\Client SDK\ODBC\110\Tools\Binn\;C:\Program Files (x86)\Microsoft SQL Server\120\Tools\Binn\;C:\Program Files\Microsoft SQL Server\120\Tools\Binn\;C:\Program Files\Microsoft SQL Server\120\DTS\Binn\;C:\Program Files (x86)\Microsoft SQL Server\120\Tools\Binn\ManagementStudio\;C:\Program Files (x86)\Microsoft SQL Server\120\DTS\Binn\;C:\Program Files\MySQL\MySQL Utilities 1.6\;C:\Program Files\MongoDB\Server\4.2\bin;C:\Program Files\MySQL\MySQL Server 8.0\bin;C:\ProgramData\chocolatey\bin;C:\Program Files\nodejs\;C:\Program Files\MySQL\MySQL Shell 8.0\bin\;C:\Program Files\JetBrains\IntelliJ IDEA Community Edition 2019.2\bin;;C:\Users\dayse\AppData\Local\Microsoft\WindowsApps;C:\Program Files\heroku\bin;C:\Users\dayse\Documents\WindowsPowerShell\Scripts;C:\Users\dayse\AppData\Local\Programs\Microsoft VS Code\bin;C:\Users\dayse\AppData\Roaming\npm;C:\Programas\Spring\sts-4.2.2.RELEASE;
USERNAME=dayse
OS=Windows_NT
PROCESSOR_IDENTIFIER=Intel64 Family 6 Model 69 Stepping 1, GenuineIntel



---------------  S Y S T E M  ---------------

OS: Windows 10 , 64 bit Build 18362 (10.0.18362.900)

CPU:total 4 (initial active 4) (2 cores per cpu, 2 threads per core) family 6 model 69 stepping 1, cmov, cx8, fxsr, mmx, sse, sse2, sse3, ssse3, sse4.1, sse4.2, popcnt, avx, avx2, aes, clmul, erms, lzcnt, ht, tsc, tscinvbit, bmi1, bmi2, fma

Memory: 4k page, system-wide physical 8072M (1137M free)
TotalPageFile size 13576M (AvailPageFile size 2836M)
current process WorkingSet (physical memory assigned to process): 83M, peak: 83M
current process commit charge ("private bytes"): 221M, peak: 221M

vm_info: Java HotSpot(TM) 64-Bit Server VM (11.0.2+9-LTS) for windows-amd64 JRE (11.0.2+9-LTS), built on Jan 18 2019 05:24:10 by "mach5one" with MS VC++ 15.5 (VS2017)

END.
