#
# A fatal error has been detected by the Java Runtime Environment:
#
#  EXCEPTION_ACCESS_VIOLATION (0xc0000005) at pc=0x00007ffddbe65f14, pid=16504, tid=15604
#
# JRE version: Java(TM) SE Runtime Environment (11.0.2+9) (build 11.0.2+9-LTS)
# Java VM: Java HotSpot(TM) 64-Bit Server VM (11.0.2+9-LTS, mixed mode, tiered, compressed oops, g1 gc, windows-amd64)
# Problematic frame:
# C  [ntdll.dll+0xa5f14]
#
# No core dump will be written. Minidumps are not enabled by default on client versions of Windows
#
# If you would like to submit a bug report, please visit:
#   http://bugreport.java.com/bugreport/crash.jsp
#

---------------  S U M M A R Y ------------

Command Line: -Dcom.sun.management.jmxremote -Dcom.sun.management.jmxremote.port=56618 -Dcom.sun.management.jmxremote.authenticate=false -Dcom.sun.management.jmxremote.ssl=false -Djava.rmi.server.hostname=localhost -Dspring.jmx.enabled=true -Dspring.application.admin.enabled=true -Xverify:none -XX:TieredStopAtLevel=1 -Dspring.boot.project.name=curso-spring-parte1 -Dfile.encoding=UTF-8 br.com.daysesoares.CursoSpringParte1Application --spring.output.ansi.enabled=always

Host: Intel(R) Core(TM) i5-4210U CPU @ 1.70GHz, 4 cores, 7G,  Windows 10 , 64 bit Build 18362 (10.0.18362.900)
Time: Sat Jun 20 14:47:29 2020 Hora Padrão de Buenos Aires elapsed time: 12 seconds (0d 0h 0m 12s)

---------------  T H R E A D  ---------------

Current thread (0x0000014eb3483000):  JavaThread "RMI TCP Accept-56618" daemon [_thread_in_vm, id=15604, stack(0x00000028eba00000,0x00000028ebb00000)]

Stack: [0x00000028eba00000,0x00000028ebb00000],  sp=0x00000028ebafef30,  free space=1019k
Native frames: (J=compiled Java code, j=interpreted, Vv=VM code, C=native code)
C  [ntdll.dll+0xa5f14]
C  [ntdll.dll+0x3fb91]
C  [ucrtbase.dll+0x114cb]
V  [jvm.dll+0x73bfcb]
V  [jvm.dll+0x736fc6]
V  [jvm.dll+0x4299e1]
C  0x0000014e9ba9f037

Java frames: (J=compiled Java code, j=interpreted, Vv=VM code)
j  java.lang.Thread.start0()V+0 java.base@11.0.2
j  java.lang.Thread.start()V+26 java.base@11.0.2
j  java.util.concurrent.ThreadPoolExecutor.addWorker(Ljava/lang/Runnable;Z)Z+251 java.base@11.0.2
j  java.util.concurrent.ThreadPoolExecutor.execute(Ljava/lang/Runnable;)V+120 java.base@11.0.2
j  sun.rmi.transport.tcp.TCPTransport$AcceptLoop.executeAcceptLoop()V+81 java.rmi@11.0.2
j  sun.rmi.transport.tcp.TCPTransport$AcceptLoop.run()V+1 java.rmi@11.0.2
j  java.lang.Thread.run()V+11 java.base@11.0.2
v  ~StubRoutines::call_stub

siginfo: EXCEPTION_ACCESS_VIOLATION (0xc0000005), reading address 0x0000014e00000017


Register to memory mapping:

RIP=0x00007ffddbe65f14 ntdll.dll
RAX=0x0000014eb34728b0 points into unknown readable memory: 0f 00 00 00 4e 01 00 00
RBX=0x0000014e0000000f is an unknown value
RCX=0x00000000000005c0 is an unknown value
RDX=0x0000014eb3472e80 points into unknown readable memory: 00 e0 77 93 4e 01 00 00
RSP=0x00000028ebafef30 is pointing into the stack for thread: 0x0000014eb3483000
RBP=0x0000014e91640000 points into unknown readable memory: 00 00 00 00 00 00 00 00
RSI=0x0000014eb3472e80 points into unknown readable memory: 00 e0 77 93 4e 01 00 00
RDI=0x0 is NULL
R8 =0x0 is NULL
R9 =0x000000007551f032 is an unknown value
R10=0x0 is NULL
R11=0x0000014eb3664ab0 points into unknown readable memory: 00 00 00 00 00 00 00 00
R12=0x0 is NULL
R13=0x0000014eb3472e70 points into unknown readable memory: 00 00 00 00 00 00 00 00
R14=0x0000014eb358e490 points into unknown readable memory: 0d 00 00 00 4e 01 00 00
R15=0x0 is NULL


Registers:
RAX=0x0000014eb34728b0, RBX=0x0000014e0000000f, RCX=0x00000000000005c0, RDX=0x0000014eb3472e80
RSP=0x00000028ebafef30, RBP=0x0000014e91640000, RSI=0x0000014eb3472e80, RDI=0x0000000000000000
R8 =0x0000000000000000, R9 =0x000000007551f032, R10=0x0000000000000000, R11=0x0000014eb3664ab0
R12=0x0000000000000000, R13=0x0000014eb3472e70, R14=0x0000014eb358e490, R15=0x0000000000000000
RIP=0x00007ffddbe65f14, EFLAGS=0x0000000000010206

Top of Stack: (sp=0x00000028ebafef30)
0x00000028ebafef30:   0000000000002038 0000000000000000
0x00000028ebafef40:   00000028ebafefc0 00007ffd82ad88ba
0x00000028ebafef50:   0000000000002038 0000000000000010
0x00000028ebafef60:   0000014e0000000f 0000000000000000
0x00000028ebafef70:   0000002800000000 00007ffd82ad88ba
0x00000028ebafef80:   0000014eb358e490 00007ffd82569a10
0x00000028ebafef90:   0000000000000002 00000028ebaff1d0
0x00000028ebafefa0:   0000014eb363d800 0000000000002038
0x00000028ebafefb0:   0000014eb3643340 0000014eb358e490
0x00000028ebafefc0:   0000000000000001 0000000000000000
0x00000028ebafefd0:   0000014eb3472e80 00007ffddbdffb91
0x00000028ebafefe0:   00000028ebaff070 0000014e91640000
0x00000028ebafeff0:   0000000000000001 0000000000000000
0x00000028ebaff000:   0000000000000000 0000000000000000
0x00000028ebaff010:   0000000000000000 00007ffdd9d814cb
0x00000028ebaff020:   0000014eb358e490 0000000000000000 

Instructions: (pc=0x00007ffddbe65f14)
0x00007ffddbe65ef4:   00 00 48 c1 e9 0c 49 8b c5 48 2b c1 48 8b 18 48
0x00007ffddbe65f04:   89 5c 24 30 48 85 db 0f 84 00 05 00 00 0f 0d 0b
0x00007ffddbe65f14:   4c 8b 43 08 41 8b 45 0c c1 e8 08 0f b7 d0 48 8b
0x00007ffddbe65f24:   03 4c 89 44 24 48 89 54 24 3c 48 8b 08 41 8b 40 


Stack slot to memory mapping:
stack at sp + 0 slots: 0x0000000000002038 is an unknown value
stack at sp + 1 slots: 0x0 is NULL
stack at sp + 2 slots: 0x00000028ebafefc0 is pointing into the stack for thread: 0x0000014eb3483000
stack at sp + 3 slots: 0x00007ffd82ad88ba jvm.dll
stack at sp + 4 slots: 0x0000000000002038 is an unknown value
stack at sp + 5 slots: 0x0000000000000010 is an unknown value
stack at sp + 6 slots: 0x0000014e0000000f is an unknown value
stack at sp + 7 slots: 0x0 is NULL


---------------  P R O C E S S  ---------------

Threads class SMR info:
_java_thread_list=0x0000014eb3591b50, length=14, elements={
0x0000014e9377e000, 0x0000014eb1ab8800, 0x0000014eb1ac2000, 0x0000014eb2443800,
0x0000014eb2445800, 0x0000014eb1ad3800, 0x0000014eb23fb000, 0x0000014eb25dc800,
0x0000014eb25e3000, 0x0000014eb2612000, 0x0000014eb347f000, 0x0000014eb3483000,
0x0000014eb346d000, 0x0000014eb363d800
}

Java Threads: ( => current thread )
  0x0000014e9377e000 JavaThread "main" [_thread_blocked, id=15736, stack(0x00000028ea700000,0x00000028ea800000)]
  0x0000014eb1ab8800 JavaThread "Reference Handler" daemon [_thread_blocked, id=2760, stack(0x00000028eae00000,0x00000028eaf00000)]
  0x0000014eb1ac2000 JavaThread "Finalizer" daemon [_thread_blocked, id=17740, stack(0x00000028eaf00000,0x00000028eb000000)]
  0x0000014eb2443800 JavaThread "Signal Dispatcher" daemon [_thread_blocked, id=1436, stack(0x00000028eb000000,0x00000028eb100000)]
  0x0000014eb2445800 JavaThread "Attach Listener" daemon [_thread_blocked, id=16520, stack(0x00000028eb100000,0x00000028eb200000)]
  0x0000014eb1ad3800 JavaThread "C1 CompilerThread0" daemon [_thread_blocked, id=16524, stack(0x00000028eb200000,0x00000028eb300000)]
  0x0000014eb23fb000 JavaThread "Sweeper thread" daemon [_thread_blocked, id=13484, stack(0x00000028eb300000,0x00000028eb400000)]
  0x0000014eb25dc800 JavaThread "Common-Cleaner" daemon [_thread_blocked, id=18320, stack(0x00000028eb400000,0x00000028eb500000)]
  0x0000014eb25e3000 JavaThread "C1 CompilerThread1" daemon [_thread_in_vm, id=10336, stack(0x00000028eb500000,0x00000028eb600000)]
  0x0000014eb2612000 JavaThread "Service Thread" daemon [_thread_blocked, id=17880, stack(0x00000028eb600000,0x00000028eb700000)]
  0x0000014eb347f000 JavaThread "RMI TCP Accept-0" daemon [_thread_in_native, id=10164, stack(0x00000028eb900000,0x00000028eba00000)]
=>0x0000014eb3483000 JavaThread "RMI TCP Accept-56618" daemon [_thread_in_vm, id=15604, stack(0x00000028eba00000,0x00000028ebb00000)]
  0x0000014eb346d000 JavaThread "RMI TCP Accept-0" daemon [_thread_in_native, id=1856, stack(0x00000028ebb00000,0x00000028ebc00000)]
  0x0000014eb363d800 JavaThread "RMI TCP Connection(idle)" daemon [_thread_new, id=9128, stack(0x0000000000000000,0x0000000000000000)]

Other Threads:
  0x0000014eb1a8f000 VMThread "VM Thread" [stack: 0x00000028ead00000,0x00000028eae00000] [id=1100]
  0x0000014eb35f2800 WatcherThread [stack: 0x00000028ebc00000,0x00000028ebd00000] [id=9796]
  0x0000014e93795000 GCTaskThread "GC Thread#0" [stack: 0x00000028ea800000,0x00000028ea900000] [id=14672]
  0x0000014eb2fc4800 GCTaskThread "GC Thread#1" [stack: 0x00000028eb700000,0x00000028eb800000] [id=7232]
  0x0000014eb2fc5000 GCTaskThread "GC Thread#2" [stack: 0x00000028eb800000,0x00000028eb900000] [id=16596]
  0x0000014e937c6000 ConcurrentGCThread "G1 Main Marker" [stack: 0x00000028ea900000,0x00000028eaa00000] [id=17452]
  0x0000014e937cb800 ConcurrentGCThread "G1 Conc#0" [stack: 0x00000028eaa00000,0x00000028eab00000] [id=13632]
  0x0000014eb18fc800 ConcurrentGCThread "G1 Refine#0" [stack: 0x00000028eab00000,0x00000028eac00000] [id=13444]
  0x0000014eb18fd800 ConcurrentGCThread "G1 Young RemSet Sampling" [stack: 0x00000028eac00000,0x00000028ead00000] [id=11020]

Threads with active compile tasks:
C1 CompilerThread01299       1       sun.util.locale.LanguageTag::isExtlang (21 bytes)
C1 CompilerThread11176   !   1       java.nio.DirectIntBufferU::get (29 bytes)

VM state:not at safepoint (normal execution)

VM Mutex/Monitor currently owned by a thread:  ([mutex/lock_event])
[0x0000014e9377bd10] Threads_lock - owner thread: 0x0000014eb3483000
[0x0000014e9377c850] Compile_lock - owner thread: 0x0000014e9377e000
[0x0000014e9377b410] CompileThread_lock - owner thread: 0x0000014eb1ad3800

Heap address: 0x0000000081c00000, size: 2020 MB, Compressed Oops mode: 32-bit
Narrow klass base: 0x0000000000000000, Narrow klass shift: 3
Compressed class space size: 1073741824 Address: 0x0000000100000000

Heap:
 garbage-first heap   total 131072K, used 27845K [0x0000000081c00000, 0x0000000100000000)
  region size 1024K, 12 young (12288K), 1 survivors (1024K)
 Metaspace       used 13490K, capacity 13876K, committed 14208K, reserved 1062912K
  class space    used 1421K, capacity 1568K, committed 1664K, reserved 1048576K
Heap Regions: E=young(eden), S=young(survivor), O=old, HS=humongous(starts), HC=humongous(continues), CS=collection set, F=free, A=archive, TAMS=top-at-mark-start (previous, next)
|   0|0x0000000081c00000, 0x0000000081d00000, 0x0000000081d00000|100%|HS|  |TAMS 0x0000000081c00000, 0x0000000081c00000| Complete 
|   1|0x0000000081d00000, 0x0000000081e00000, 0x0000000081e00000|100%| O|  |TAMS 0x0000000081d00000, 0x0000000081d00000| Untracked 
|   2|0x0000000081e00000, 0x0000000081f00000, 0x0000000081f00000|100%| O|  |TAMS 0x0000000081e00000, 0x0000000081e00000| Untracked 
|   3|0x0000000081f00000, 0x0000000082000000, 0x0000000082000000|100%| O|  |TAMS 0x0000000081f00000, 0x0000000081f00000| Untracked 
|   4|0x0000000082000000, 0x0000000082100000, 0x0000000082100000|100%| O|  |TAMS 0x0000000082000000, 0x0000000082000000| Untracked 
|   5|0x0000000082100000, 0x0000000082200000, 0x0000000082200000|100%| O|  |TAMS 0x0000000082100000, 0x0000000082100000| Untracked 
|   6|0x0000000082200000, 0x0000000082300000, 0x0000000082300000|100%| O|  |TAMS 0x0000000082200000, 0x0000000082200000| Untracked 
|   7|0x0000000082300000, 0x0000000082400000, 0x0000000082400000|100%| O|  |TAMS 0x0000000082300000, 0x0000000082300000| Untracked 
|   8|0x0000000082400000, 0x0000000082500000, 0x0000000082500000|100%| O|  |TAMS 0x0000000082400000, 0x0000000082400000| Untracked 
|   9|0x0000000082500000, 0x0000000082600000, 0x0000000082600000|100%| O|  |TAMS 0x0000000082500000, 0x0000000082500000| Untracked 
|  10|0x0000000082600000, 0x0000000082700000, 0x0000000082700000|100%| O|  |TAMS 0x0000000082600000, 0x0000000082600000| Untracked 
|  11|0x0000000082700000, 0x0000000082800000, 0x0000000082800000|100%| O|  |TAMS 0x0000000082700000, 0x0000000082700000| Untracked 
|  12|0x0000000082800000, 0x0000000082900000, 0x0000000082900000|100%| O|  |TAMS 0x0000000082800000, 0x0000000082800000| Untracked 
|  13|0x0000000082900000, 0x0000000082a00000, 0x0000000082a00000|100%| O|  |TAMS 0x0000000082900000, 0x0000000082900000| Untracked 
|  14|0x0000000082a00000, 0x0000000082b00000, 0x0000000082b00000|100%| O|  |TAMS 0x0000000082a00000, 0x0000000082a00000| Untracked 
|  15|0x0000000082b00000, 0x0000000082c00000, 0x0000000082c00000|100%| O|  |TAMS 0x0000000082b00000, 0x0000000082b00000| Untracked 
|  16|0x0000000082c00000, 0x0000000082c31600, 0x0000000082d00000| 19%| O|  |TAMS 0x0000000082c00000, 0x0000000082c00000| Untracked 
|  17|0x0000000082d00000, 0x0000000082d00000, 0x0000000082e00000|  0%| F|  |TAMS 0x0000000082d00000, 0x0000000082d00000| Untracked 
|  18|0x0000000082e00000, 0x0000000082e00000, 0x0000000082f00000|  0%| F|  |TAMS 0x0000000082e00000, 0x0000000082e00000| Untracked 
|  19|0x0000000082f00000, 0x0000000082f00000, 0x0000000083000000|  0%| F|  |TAMS 0x0000000082f00000, 0x0000000082f00000| Untracked 
|  20|0x0000000083000000, 0x0000000083000000, 0x0000000083100000|  0%| F|  |TAMS 0x0000000083000000, 0x0000000083000000| Untracked 
|  21|0x0000000083100000, 0x0000000083100000, 0x0000000083200000|  0%| F|  |TAMS 0x0000000083100000, 0x0000000083100000| Untracked 
|  22|0x0000000083200000, 0x0000000083200000, 0x0000000083300000|  0%| F|  |TAMS 0x0000000083200000, 0x0000000083200000| Untracked 
|  23|0x0000000083300000, 0x0000000083300000, 0x0000000083400000|  0%| F|  |TAMS 0x0000000083300000, 0x0000000083300000| Untracked 
|  24|0x0000000083400000, 0x0000000083400000, 0x0000000083500000|  0%| F|  |TAMS 0x0000000083400000, 0x0000000083400000| Untracked 
|  25|0x0000000083500000, 0x0000000083500000, 0x0000000083600000|  0%| F|  |TAMS 0x0000000083500000, 0x0000000083500000| Untracked 
|  26|0x0000000083600000, 0x0000000083600000, 0x0000000083700000|  0%| F|  |TAMS 0x0000000083600000, 0x0000000083600000| Untracked 
|  27|0x0000000083700000, 0x0000000083700000, 0x0000000083800000|  0%| F|  |TAMS 0x0000000083700000, 0x0000000083700000| Untracked 
|  28|0x0000000083800000, 0x0000000083800000, 0x0000000083900000|  0%| F|  |TAMS 0x0000000083800000, 0x0000000083800000| Untracked 
|  29|0x0000000083900000, 0x0000000083900000, 0x0000000083a00000|  0%| F|  |TAMS 0x0000000083900000, 0x0000000083900000| Untracked 
|  30|0x0000000083a00000, 0x0000000083a00000, 0x0000000083b00000|  0%| F|  |TAMS 0x0000000083a00000, 0x0000000083a00000| Untracked 
|  31|0x0000000083b00000, 0x0000000083b00000, 0x0000000083c00000|  0%| F|  |TAMS 0x0000000083b00000, 0x0000000083b00000| Untracked 
|  32|0x0000000083c00000, 0x0000000083c00000, 0x0000000083d00000|  0%| F|  |TAMS 0x0000000083c00000, 0x0000000083c00000| Untracked 
|  33|0x0000000083d00000, 0x0000000083d00000, 0x0000000083e00000|  0%| F|  |TAMS 0x0000000083d00000, 0x0000000083d00000| Untracked 
|  34|0x0000000083e00000, 0x0000000083e00000, 0x0000000083f00000|  0%| F|  |TAMS 0x0000000083e00000, 0x0000000083e00000| Untracked 
|  35|0x0000000083f00000, 0x0000000083f00000, 0x0000000084000000|  0%| F|  |TAMS 0x0000000083f00000, 0x0000000083f00000| Untracked 
|  36|0x0000000084000000, 0x0000000084000000, 0x0000000084100000|  0%| F|  |TAMS 0x0000000084000000, 0x0000000084000000| Untracked 
|  37|0x0000000084100000, 0x0000000084100000, 0x0000000084200000|  0%| F|  |TAMS 0x0000000084100000, 0x0000000084100000| Untracked 
|  38|0x0000000084200000, 0x0000000084200000, 0x0000000084300000|  0%| F|  |TAMS 0x0000000084200000, 0x0000000084200000| Untracked 
|  39|0x0000000084300000, 0x0000000084300000, 0x0000000084400000|  0%| F|  |TAMS 0x0000000084300000, 0x0000000084300000| Untracked 
|  40|0x0000000084400000, 0x0000000084400000, 0x0000000084500000|  0%| F|  |TAMS 0x0000000084400000, 0x0000000084400000| Untracked 
|  41|0x0000000084500000, 0x0000000084500000, 0x0000000084600000|  0%| F|  |TAMS 0x0000000084500000, 0x0000000084500000| Untracked 
|  42|0x0000000084600000, 0x0000000084600000, 0x0000000084700000|  0%| F|  |TAMS 0x0000000084600000, 0x0000000084600000| Untracked 
|  43|0x0000000084700000, 0x0000000084700000, 0x0000000084800000|  0%| F|  |TAMS 0x0000000084700000, 0x0000000084700000| Untracked 
|  44|0x0000000084800000, 0x0000000084800000, 0x0000000084900000|  0%| F|  |TAMS 0x0000000084800000, 0x0000000084800000| Untracked 
|  45|0x0000000084900000, 0x0000000084900000, 0x0000000084a00000|  0%| F|  |TAMS 0x0000000084900000, 0x0000000084900000| Untracked 
|  46|0x0000000084a00000, 0x0000000084a00000, 0x0000000084b00000|  0%| F|  |TAMS 0x0000000084a00000, 0x0000000084a00000| Untracked 
|  47|0x0000000084b00000, 0x0000000084b00000, 0x0000000084c00000|  0%| F|  |TAMS 0x0000000084b00000, 0x0000000084b00000| Untracked 
|  48|0x0000000084c00000, 0x0000000084c00000, 0x0000000084d00000|  0%| F|  |TAMS 0x0000000084c00000, 0x0000000084c00000| Untracked 
|  49|0x0000000084d00000, 0x0000000084d00000, 0x0000000084e00000|  0%| F|  |TAMS 0x0000000084d00000, 0x0000000084d00000| Untracked 
|  50|0x0000000084e00000, 0x0000000084e00000, 0x0000000084f00000|  0%| F|  |TAMS 0x0000000084e00000, 0x0000000084e00000| Untracked 
|  51|0x0000000084f00000, 0x0000000084f00000, 0x0000000085000000|  0%| F|  |TAMS 0x0000000084f00000, 0x0000000084f00000| Untracked 
|  52|0x0000000085000000, 0x0000000085000000, 0x0000000085100000|  0%| F|  |TAMS 0x0000000085000000, 0x0000000085000000| Untracked 
|  53|0x0000000085100000, 0x0000000085100000, 0x0000000085200000|  0%| F|  |TAMS 0x0000000085100000, 0x0000000085100000| Untracked 
|  54|0x0000000085200000, 0x0000000085200000, 0x0000000085300000|  0%| F|  |TAMS 0x0000000085200000, 0x0000000085200000| Untracked 
|  55|0x0000000085300000, 0x0000000085300000, 0x0000000085400000|  0%| F|  |TAMS 0x0000000085300000, 0x0000000085300000| Untracked 
|  56|0x0000000085400000, 0x0000000085400000, 0x0000000085500000|  0%| F|  |TAMS 0x0000000085400000, 0x0000000085400000| Untracked 
|  57|0x0000000085500000, 0x0000000085500000, 0x0000000085600000|  0%| F|  |TAMS 0x0000000085500000, 0x0000000085500000| Untracked 
|  58|0x0000000085600000, 0x0000000085600000, 0x0000000085700000|  0%| F|  |TAMS 0x0000000085600000, 0x0000000085600000| Untracked 
|  59|0x0000000085700000, 0x0000000085700000, 0x0000000085800000|  0%| F|  |TAMS 0x0000000085700000, 0x0000000085700000| Untracked 
|  60|0x0000000085800000, 0x0000000085800000, 0x0000000085900000|  0%| F|  |TAMS 0x0000000085800000, 0x0000000085800000| Untracked 
|  61|0x0000000085900000, 0x0000000085900000, 0x0000000085a00000|  0%| F|  |TAMS 0x0000000085900000, 0x0000000085900000| Untracked 
|  62|0x0000000085a00000, 0x0000000085a00000, 0x0000000085b00000|  0%| F|  |TAMS 0x0000000085a00000, 0x0000000085a00000| Untracked 
|  63|0x0000000085b00000, 0x0000000085b00000, 0x0000000085c00000|  0%| F|  |TAMS 0x0000000085b00000, 0x0000000085b00000| Untracked 
|  64|0x0000000085c00000, 0x0000000085c00000, 0x0000000085d00000|  0%| F|  |TAMS 0x0000000085c00000, 0x0000000085c00000| Untracked 
|  65|0x0000000085d00000, 0x0000000085d00000, 0x0000000085e00000|  0%| F|  |TAMS 0x0000000085d00000, 0x0000000085d00000| Untracked 
|  66|0x0000000085e00000, 0x0000000085e00000, 0x0000000085f00000|  0%| F|  |TAMS 0x0000000085e00000, 0x0000000085e00000| Untracked 
|  67|0x0000000085f00000, 0x0000000085f00000, 0x0000000086000000|  0%| F|  |TAMS 0x0000000085f00000, 0x0000000085f00000| Untracked 
|  68|0x0000000086000000, 0x0000000086000000, 0x0000000086100000|  0%| F|  |TAMS 0x0000000086000000, 0x0000000086000000| Untracked 
|  69|0x0000000086100000, 0x0000000086100000, 0x0000000086200000|  0%| F|  |TAMS 0x0000000086100000, 0x0000000086100000| Untracked 
|  70|0x0000000086200000, 0x0000000086200000, 0x0000000086300000|  0%| F|  |TAMS 0x0000000086200000, 0x0000000086200000| Untracked 
|  71|0x0000000086300000, 0x0000000086300000, 0x0000000086400000|  0%| F|  |TAMS 0x0000000086300000, 0x0000000086300000| Untracked 
|  72|0x0000000086400000, 0x0000000086400000, 0x0000000086500000|  0%| F|  |TAMS 0x0000000086400000, 0x0000000086400000| Untracked 
|  73|0x0000000086500000, 0x0000000086500000, 0x0000000086600000|  0%| F|  |TAMS 0x0000000086500000, 0x0000000086500000| Untracked 
|  74|0x0000000086600000, 0x0000000086600000, 0x0000000086700000|  0%| F|  |TAMS 0x0000000086600000, 0x0000000086600000| Untracked 
|  75|0x0000000086700000, 0x0000000086700000, 0x0000000086800000|  0%| F|  |TAMS 0x0000000086700000, 0x0000000086700000| Untracked 
|  76|0x0000000086800000, 0x0000000086800000, 0x0000000086900000|  0%| F|  |TAMS 0x0000000086800000, 0x0000000086800000| Untracked 
|  77|0x0000000086900000, 0x0000000086900000, 0x0000000086a00000|  0%| F|  |TAMS 0x0000000086900000, 0x0000000086900000| Untracked 
|  78|0x0000000086a00000, 0x0000000086a00000, 0x0000000086b00000|  0%| F|  |TAMS 0x0000000086a00000, 0x0000000086a00000| Untracked 
|  79|0x0000000086b00000, 0x0000000086b00000, 0x0000000086c00000|  0%| F|  |TAMS 0x0000000086b00000, 0x0000000086b00000| Untracked 
|  80|0x0000000086c00000, 0x0000000086c00000, 0x0000000086d00000|  0%| F|  |TAMS 0x0000000086c00000, 0x0000000086c00000| Untracked 
|  81|0x0000000086d00000, 0x0000000086d00000, 0x0000000086e00000|  0%| F|  |TAMS 0x0000000086d00000, 0x0000000086d00000| Untracked 
|  82|0x0000000086e00000, 0x0000000086e00000, 0x0000000086f00000|  0%| F|  |TAMS 0x0000000086e00000, 0x0000000086e00000| Untracked 
|  83|0x0000000086f00000, 0x0000000086f00000, 0x0000000087000000|  0%| F|  |TAMS 0x0000000086f00000, 0x0000000086f00000| Untracked 
|  84|0x0000000087000000, 0x0000000087000000, 0x0000000087100000|  0%| F|  |TAMS 0x0000000087000000, 0x0000000087000000| Untracked 
|  85|0x0000000087100000, 0x0000000087100000, 0x0000000087200000|  0%| F|  |TAMS 0x0000000087100000, 0x0000000087100000| Untracked 
|  86|0x0000000087200000, 0x0000000087200000, 0x0000000087300000|  0%| F|  |TAMS 0x0000000087200000, 0x0000000087200000| Untracked 
|  87|0x0000000087300000, 0x0000000087300000, 0x0000000087400000|  0%| F|  |TAMS 0x0000000087300000, 0x0000000087300000| Untracked 
|  88|0x0000000087400000, 0x0000000087400000, 0x0000000087500000|  0%| F|  |TAMS 0x0000000087400000, 0x0000000087400000| Untracked 
|  89|0x0000000087500000, 0x0000000087500000, 0x0000000087600000|  0%| F|  |TAMS 0x0000000087500000, 0x0000000087500000| Untracked 
|  90|0x0000000087600000, 0x0000000087600000, 0x0000000087700000|  0%| F|  |TAMS 0x0000000087600000, 0x0000000087600000| Untracked 
|  91|0x0000000087700000, 0x0000000087700000, 0x0000000087800000|  0%| F|  |TAMS 0x0000000087700000, 0x0000000087700000| Untracked 
|  92|0x0000000087800000, 0x0000000087800000, 0x0000000087900000|  0%| F|  |TAMS 0x0000000087800000, 0x0000000087800000| Untracked 
|  93|0x0000000087900000, 0x0000000087900000, 0x0000000087a00000|  0%| F|  |TAMS 0x0000000087900000, 0x0000000087900000| Untracked 
|  94|0x0000000087a00000, 0x0000000087a00000, 0x0000000087b00000|  0%| F|  |TAMS 0x0000000087a00000, 0x0000000087a00000| Untracked 
|  95|0x0000000087b00000, 0x0000000087b00000, 0x0000000087c00000|  0%| F|  |TAMS 0x0000000087b00000, 0x0000000087b00000| Untracked 
|  96|0x0000000087c00000, 0x0000000087c00000, 0x0000000087d00000|  0%| F|  |TAMS 0x0000000087c00000, 0x0000000087c00000| Untracked 
|  97|0x0000000087d00000, 0x0000000087d00000, 0x0000000087e00000|  0%| F|  |TAMS 0x0000000087d00000, 0x0000000087d00000| Untracked 
|  98|0x0000000087e00000, 0x0000000087e00000, 0x0000000087f00000|  0%| F|  |TAMS 0x0000000087e00000, 0x0000000087e00000| Untracked 
|  99|0x0000000087f00000, 0x0000000087f00000, 0x0000000088000000|  0%| F|  |TAMS 0x0000000087f00000, 0x0000000087f00000| Untracked 
| 100|0x0000000088000000, 0x0000000088000000, 0x0000000088100000|  0%| F|  |TAMS 0x0000000088000000, 0x0000000088000000| Untracked 
| 101|0x0000000088100000, 0x0000000088100000, 0x0000000088200000|  0%| F|  |TAMS 0x0000000088100000, 0x0000000088100000| Untracked 
| 102|0x0000000088200000, 0x0000000088200000, 0x0000000088300000|  0%| F|  |TAMS 0x0000000088200000, 0x0000000088200000| Untracked 
| 103|0x0000000088300000, 0x0000000088300000, 0x0000000088400000|  0%| F|  |TAMS 0x0000000088300000, 0x0000000088300000| Untracked 
| 104|0x0000000088400000, 0x0000000088400000, 0x0000000088500000|  0%| F|  |TAMS 0x0000000088400000, 0x0000000088400000| Untracked 
| 105|0x0000000088500000, 0x0000000088500000, 0x0000000088600000|  0%| F|  |TAMS 0x0000000088500000, 0x0000000088500000| Untracked 
| 106|0x0000000088600000, 0x0000000088600000, 0x0000000088700000|  0%| F|  |TAMS 0x0000000088600000, 0x0000000088600000| Untracked 
| 107|0x0000000088700000, 0x0000000088700000, 0x0000000088800000|  0%| F|  |TAMS 0x0000000088700000, 0x0000000088700000| Untracked 
| 108|0x0000000088800000, 0x0000000088800000, 0x0000000088900000|  0%| F|  |TAMS 0x0000000088800000, 0x0000000088800000| Untracked 
| 109|0x0000000088900000, 0x0000000088900000, 0x0000000088a00000|  0%| F|  |TAMS 0x0000000088900000, 0x0000000088900000| Untracked 
| 110|0x0000000088a00000, 0x0000000088a00000, 0x0000000088b00000|  0%| F|  |TAMS 0x0000000088a00000, 0x0000000088a00000| Untracked 
| 111|0x0000000088b00000, 0x0000000088b00000, 0x0000000088c00000|  0%| F|  |TAMS 0x0000000088b00000, 0x0000000088b00000| Untracked 
| 112|0x0000000088c00000, 0x0000000088c00000, 0x0000000088d00000|  0%| F|  |TAMS 0x0000000088c00000, 0x0000000088c00000| Untracked 
| 113|0x0000000088d00000, 0x0000000088d00000, 0x0000000088e00000|  0%| F|  |TAMS 0x0000000088d00000, 0x0000000088d00000| Untracked 
| 114|0x0000000088e00000, 0x0000000088e00000, 0x0000000088f00000|  0%| F|  |TAMS 0x0000000088e00000, 0x0000000088e00000| Untracked 
| 115|0x0000000088f00000, 0x0000000088f00000, 0x0000000089000000|  0%| F|  |TAMS 0x0000000088f00000, 0x0000000088f00000| Untracked 
| 116|0x0000000089000000, 0x00000000890fa8c0, 0x0000000089100000| 97%| E|  |TAMS 0x0000000089000000, 0x0000000089000000| Complete 
| 117|0x0000000089100000, 0x0000000089200000, 0x0000000089200000|100%| E|CS|TAMS 0x0000000089100000, 0x0000000089100000| Complete 
| 118|0x0000000089200000, 0x0000000089300000, 0x0000000089300000|100%| E|CS|TAMS 0x0000000089200000, 0x0000000089200000| Complete 
| 119|0x0000000089300000, 0x0000000089400000, 0x0000000089400000|100%| E|CS|TAMS 0x0000000089300000, 0x0000000089300000| Complete 
| 120|0x0000000089400000, 0x0000000089500000, 0x0000000089500000|100%| E|CS|TAMS 0x0000000089400000, 0x0000000089400000| Complete 
| 121|0x0000000089500000, 0x0000000089600000, 0x0000000089600000|100%| S|CS|TAMS 0x0000000089500000, 0x0000000089500000| Complete 
| 122|0x0000000089600000, 0x0000000089700000, 0x0000000089700000|100%| E|CS|TAMS 0x0000000089600000, 0x0000000089600000| Complete 
| 123|0x0000000089700000, 0x0000000089800000, 0x0000000089800000|100%| E|CS|TAMS 0x0000000089700000, 0x0000000089700000| Complete 
| 124|0x0000000089800000, 0x0000000089900000, 0x0000000089900000|100%| E|CS|TAMS 0x0000000089800000, 0x0000000089800000| Complete 
| 125|0x0000000089900000, 0x0000000089a00000, 0x0000000089a00000|100%| E|CS|TAMS 0x0000000089900000, 0x0000000089900000| Complete 
| 126|0x0000000089a00000, 0x0000000089b00000, 0x0000000089b00000|100%| E|CS|TAMS 0x0000000089a00000, 0x0000000089a00000| Complete 
| 127|0x0000000089b00000, 0x0000000089c00000, 0x0000000089c00000|100%| E|CS|TAMS 0x0000000089b00000, 0x0000000089b00000| Complete 

Card table byte_map: [0x0000014eaae90000,0x0000014eab290000] _byte_map_base: 0x0000014eaaa82000

Marking Bits (Prev, Next): (CMBitMap*) 0x0000014e937bd748, (CMBitMap*) 0x0000014e937bd780
 Prev Bits: [0x0000014eab690000, 0x0000014ead620000)
 Next Bits: [0x0000014ead620000, 0x0000014eaf5b0000)

Polling page: 0x0000014e92f40000

Metaspace:

Usage:
  Non-class:     12.02 MB capacity,    11.79 MB ( 98%) used,   207.13 KB (  2%) free+waste,    31.25 KB ( <1%) overhead. 
      Class:      1.53 MB capacity,     1.39 MB ( 91%) used,   131.45 KB (  8%) free+waste,    15.38 KB ( <1%) overhead. 
       Both:     13.55 MB capacity,    13.17 MB ( 97%) used,   338.58 KB (  2%) free+waste,    46.63 KB ( <1%) overhead. 

Virtual space:
  Non-class space:       14.00 MB reserved,      12.25 MB ( 88%) committed 
      Class space:        1.00 GB reserved,       1.63 MB ( <1%) committed 
             Both:        1.01 GB reserved,      13.88 MB (  1%) committed 

Chunk freelists:
   Non-Class:  5.50 KB
       Class:  0 bytes
        Both:  5.50 KB

CodeHeap 'non-profiled nmethods': size=238912Kb used=1901Kb max_used=1901Kb free=237010Kb
 bounds [0x0000014e9c140000, 0x0000014e9c3b0000, 0x0000014eaaa90000]
CodeHeap 'non-nmethods': size=6848Kb used=1674Kb max_used=1674Kb free=5174Kb
 bounds [0x0000014e9ba90000, 0x0000014e9bd00000, 0x0000014e9c140000]
 total_blobs=1729 nmethods=1299 adapters=339
 compilation: enabled
              stopped_count=0, restarted_count=0
 full_count=0

Compilation events (10 events):
Event: 11.740 Thread 0x0000014eb25e3000 nmethod 1169 0x0000014e9c2e3a90 code [0x0000014e9c2e3c40, 0x0000014e9c2e3db8]
Event: 11.741 Thread 0x0000014eb1ad3800 nmethod 1170 0x0000014e9c2e3e10 code [0x0000014e9c2e4000, 0x0000014e9c2e4290]
Event: 11.753 Thread 0x0000014eb25e3000 1171       1       java.lang.Character::toUpperCase (6 bytes)
Event: 11.753 Thread 0x0000014eb25e3000 nmethod 1171 0x0000014e9c2e4410 code [0x0000014e9c2e45e0, 0x0000014e9c2e4740]
Event: 11.753 Thread 0x0000014eb1ad3800 1172       1       java.lang.Character::toUpperCase (9 bytes)
Event: 11.753 Thread 0x0000014eb1ad3800 nmethod 1172 0x0000014e9c2e4810 code [0x0000014e9c2e49e0, 0x0000014e9c2e4b20]
Event: 11.758 Thread 0x0000014eb25e3000 1173       1       java.util.concurrent.ConcurrentHashMap$ValueIterator::next (34 bytes)
Event: 11.759 Thread 0x0000014eb25e3000 nmethod 1173 0x0000014e9c2e4c10 code [0x0000014e9c2e4de0, 0x0000014e9c2e4fe0]
Event: 11.800 Thread 0x0000014eb25e3000 1174       1       java.nio.Buffer::<init> (99 bytes)
Event: 11.801 Thread 0x0000014eb25e3000 nmethod 1174 0x0000014e9c2e5110 code [0x0000014e9c2e5360, 0x0000014e9c2e58e0]

GC Heap History (4 events):
Event: 6.283 GC heap before
{Heap before GC invocations=0 (full 0):
 garbage-first heap   total 131072K, used 14336K [0x0000000081c00000, 0x0000000100000000)
  region size 1024K, 14 young (14336K), 0 survivors (0K)
 Metaspace       used 6146K, capacity 6230K, committed 6528K, reserved 1056768K
  class space    used 546K, capacity 567K, committed 640K, reserved 1048576K
}
Event: 6.313 GC heap after
{Heap after GC invocations=1 (full 0):
 garbage-first heap   total 131072K, used 11868K [0x0000000081c00000, 0x0000000100000000)
  region size 1024K, 2 young (2048K), 2 survivors (2048K)
 Metaspace       used 6146K, capacity 6230K, committed 6528K, reserved 1056768K
  class space    used 546K, capacity 567K, committed 640K, reserved 1048576K
}
Event: 6.836 GC heap before
{Heap before GC invocations=1 (full 0):
 garbage-first heap   total 131072K, used 16988K [0x0000000081c00000, 0x0000000100000000)
  region size 1024K, 8 young (8192K), 2 survivors (2048K)
 Metaspace       used 7171K, capacity 7246K, committed 7424K, reserved 1056768K
  class space    used 659K, capacity 672K, committed 768K, reserved 1048576K
}
Event: 6.853 GC heap after
{Heap after GC invocations=2 (full 0):
 garbage-first heap   total 131072K, used 17605K [0x0000000081c00000, 0x0000000100000000)
  region size 1024K, 1 young (1024K), 1 survivors (1024K)
 Metaspace       used 7171K, capacity 7246K, committed 7424K, reserved 1056768K
  class space    used 659K, capacity 672K, committed 768K, reserved 1048576K
}

Deoptimization events (0 events):
No events

Classes redefined (0 events):
No events

Internal exceptions (10 events):
Event: 7.112 Thread 0x0000014e9377e000 Exception <a 'java/lang/NoSuchMethodError'{0x0000000089a9cb68}: java.lang.invoke.DirectMethodHandle$Holder.invokeStatic(Ljava/lang/Object;Ljava/lang/Object;Ljava/lang/Object;Ljava/lang/Object;Ljava/lang/Object;Ljava/lang/Object;Ljava/lang/Object;Ljava/lan
Event: 7.597 Thread 0x0000014e9377e000 Exception <a 'java/lang/NoSuchMethodError'{0x0000000089887de8}: java.lang.invoke.DirectMethodHandle$Holder.invokeSpecialIFC(Ljava/lang/Object;Ljava/lang/Object;Ljava/lang/Object;)I> (0x0000000089887de8) thrown at [t:/workspace/open/src/hotspot/share/inter
Event: 7.651 Thread 0x0000014e9377e000 Exception <a 'java/lang/NoSuchMethodError'{0x00000000898f0630}: java.lang.invoke.DirectMethodHandle$Holder.invokeStatic(Ljava/lang/Object;IIII)Ljava/lang/Object;> (0x00000000898f0630) thrown at [t:/workspace/open/src/hotspot/share/interpreter/linkResolver
Event: 7.651 Thread 0x0000014e9377e000 Exception <a 'java/lang/NoSuchMethodError'{0x00000000898f39a8}: java.lang.invoke.DirectMethodHandle$Holder.invokeStaticInit(Ljava/lang/Object;IIII)Ljava/lang/Object;> (0x00000000898f39a8) thrown at [t:/workspace/open/src/hotspot/share/interpreter/linkReso
Event: 11.526 Thread 0x0000014e9377e000 Exception <a 'java/lang/NoSuchMethodError'{0x0000000089724590}: java.lang.invoke.DirectMethodHandle$Holder.invokeStatic(Ljava/lang/Object;Ljava/lang/Object;IIII)Ljava/lang/Object;> (0x0000000089724590) thrown at [t:/workspace/open/src/hotspot/share/interp
Event: 11.527 Thread 0x0000014e9377e000 Exception <a 'java/lang/NoSuchMethodError'{0x00000000897278d8}: java.lang.invoke.DirectMethodHandle$Holder.invokeStaticInit(Ljava/lang/Object;Ljava/lang/Object;IIII)Ljava/lang/Object;> (0x00000000897278d8) thrown at [t:/workspace/open/src/hotspot/share/in
Event: 11.568 Thread 0x0000014e9377e000 Exception <a 'java/lang/ClassNotFoundException'{0x00000000897450f0}: javax/management/remote/rmi/RMIServerImpl_Skel> (0x00000000897450f0) thrown at [t:/workspace/open/src/hotspot/share/classfile/systemDictionary.cpp, line 231]
Event: 11.643 Thread 0x0000014e9377e000 Exception <a 'java/lang/ClassNotFoundException'{0x00000000896079c8}: jdk/internal/agent/resources/spi/agentProvider> (0x00000000896079c8) thrown at [t:/workspace/open/src/hotspot/share/classfile/systemDictionary.cpp, line 231]
Event: 11.663 Thread 0x0000014e9377e000 Exception <a 'java/lang/NoSuchMethodError'{0x000000008965d2f8}: java.lang.invoke.DirectMethodHandle$Holder.invokeStatic(Ljava/lang/Object;Ljava/lang/Object;Ljava/lang/Object;Ljava/lang/Object;Ljava/lang/Object;Ljava/lang/Object;Ljava/lang/Object;Ljava/lan
Event: 11.676 Thread 0x0000014e9377e000 Exception <a 'java/lang/NoSuchMethodError'{0x0000000089669b18}: java.lang.invoke.DirectMethodHandle$Holder.invokeStatic(Ljava/lang/Object;Ljava/lang/Object;Ljava/lang/Object;Ljava/lang/Object;Ljava/lang/Object;Ljava/lang/Object;Ljava/lang/Object;Ljava/lan

Events (10 events):
Event: 11.754 loading class java/util/concurrent/LinkedBlockingQueue$Node
Event: 11.754 loading class java/util/concurrent/LinkedBlockingQueue$Node done
Event: 11.754 loading class org/slf4j/helpers/NOPLoggerFactory
Event: 11.754 loading class org/slf4j/helpers/NOPLoggerFactory done
Event: 11.755 loading class org/slf4j/helpers/Util
Event: 11.755 loading class org/slf4j/helpers/Util done
Event: 11.796 loading class sun/rmi/transport/tcp/TCPTransport$ConnectionHandler
Event: 11.796 loading class sun/rmi/transport/tcp/TCPTransport$ConnectionHandler done
Event: 11.796 loading class java/util/concurrent/ThreadPoolExecutor$Worker
Event: 11.797 loading class java/util/concurrent/ThreadPoolExecutor$Worker done


Dynamic libraries:
0x00007ff65f780000 - 0x00007ff65f7c7000 	C:\Program Files\Java\jdk-11.0.2\bin\javaw.exe
0x00007ffddbdc0000 - 0x00007ffddbfb0000 	C:\WINDOWS\SYSTEM32\ntdll.dll
0x00007ffdda320000 - 0x00007ffdda3d2000 	C:\WINDOWS\System32\KERNEL32.DLL
0x00007ffdd94d0000 - 0x00007ffdd9774000 	C:\WINDOWS\System32\KERNELBASE.dll
0x00007ffddbbf0000 - 0x00007ffddbc93000 	C:\WINDOWS\System32\ADVAPI32.dll
0x00007ffddb830000 - 0x00007ffddb8ce000 	C:\WINDOWS\System32\msvcrt.dll
0x00007ffddaca0000 - 0x00007ffddad37000 	C:\WINDOWS\System32\sechost.dll
0x00007ffddb640000 - 0x00007ffddb760000 	C:\WINDOWS\System32\RPCRT4.dll
0x00007ffddaa60000 - 0x00007ffddabf4000 	C:\WINDOWS\System32\USER32.dll
0x00007ffdd9ac0000 - 0x00007ffdd9ae1000 	C:\WINDOWS\System32\win32u.dll
0x00007ffdd9e80000 - 0x00007ffdd9ea6000 	C:\WINDOWS\System32\GDI32.dll
0x00007ffdd9b70000 - 0x00007ffdd9d05000 	C:\WINDOWS\System32\gdi32full.dll
0x00007ffdd9800000 - 0x00007ffdd989e000 	C:\WINDOWS\System32\msvcp_win.dll
0x00007ffdd9d70000 - 0x00007ffdd9e6a000 	C:\WINDOWS\System32\ucrtbase.dll
0x00007ffdcf820000 - 0x00007ffdcfaa4000 	C:\WINDOWS\WinSxS\amd64_microsoft.windows.common-controls_6595b64144ccf1df_6.0.18362.900_none_e6beb9d913147d17\COMCTL32.dll
0x00007ffdda5c0000 - 0x00007ffdda8f5000 	C:\WINDOWS\System32\combase.dll
0x00007ffdd9780000 - 0x00007ffdd9800000 	C:\WINDOWS\System32\bcryptPrimitives.dll
0x00007ffdd0fe0000 - 0x00007ffdd0fea000 	C:\WINDOWS\SYSTEM32\VERSION.dll
0x00007ffddbd50000 - 0x00007ffddbd7e000 	C:\WINDOWS\System32\IMM32.DLL
0x00007ffdb2ec0000 - 0x00007ffdb2ed6000 	C:\Program Files\Java\jdk-11.0.2\bin\vcruntime140.dll
0x00007ffd93670000 - 0x00007ffd9371a000 	C:\Program Files\Java\jdk-11.0.2\bin\msvcp140.dll
0x00007ffd824b0000 - 0x00007ffd82fd7000 	C:\Program Files\Java\jdk-11.0.2\bin\server\jvm.dll
0x00007ffdd9e70000 - 0x00007ffdd9e78000 	C:\WINDOWS\System32\PSAPI.DLL
0x00007ffdc8640000 - 0x00007ffdc8649000 	C:\WINDOWS\SYSTEM32\WSOCK32.dll
0x00007ffdda9e0000 - 0x00007ffddaa4f000 	C:\WINDOWS\System32\WS2_32.dll
0x00007ffdce840000 - 0x00007ffdce864000 	C:\WINDOWS\SYSTEM32\WINMM.dll
0x00007ffdce810000 - 0x00007ffdce83d000 	C:\WINDOWS\SYSTEM32\WINMMBASE.dll
0x00007ffdd9af0000 - 0x00007ffdd9b3a000 	C:\WINDOWS\System32\cfgmgr32.dll
0x00007ffdd8cb0000 - 0x00007ffdd8cc1000 	C:\WINDOWS\System32\kernel.appcore.dll
0x00007ffdd1f10000 - 0x00007ffdd1f21000 	C:\Program Files\Java\jdk-11.0.2\bin\verify.dll
0x00007ffdcf620000 - 0x00007ffdcf814000 	C:\WINDOWS\SYSTEM32\DBGHELP.DLL
0x00007ffdcf5f0000 - 0x00007ffdcf61a000 	C:\WINDOWS\SYSTEM32\dbgcore.DLL
0x00007ffdceb30000 - 0x00007ffdceb59000 	C:\Program Files\Java\jdk-11.0.2\bin\java.dll
0x00007ffdceb10000 - 0x00007ffdceb26000 	C:\Program Files\Java\jdk-11.0.2\bin\zip.dll
0x00007ffdd40c0000 - 0x00007ffdd40ca000 	C:\Program Files\Java\jdk-11.0.2\bin\jimage.dll
0x00007ffddaf50000 - 0x00007ffddb636000 	C:\WINDOWS\System32\SHELL32.dll
0x00007ffdda440000 - 0x00007ffdda4e9000 	C:\WINDOWS\System32\shcore.dll
0x00007ffdd8d50000 - 0x00007ffdd94d0000 	C:\WINDOWS\System32\windows.storage.dll
0x00007ffdd8cd0000 - 0x00007ffdd8cf3000 	C:\WINDOWS\System32\profapi.dll
0x00007ffdd8d00000 - 0x00007ffdd8d4a000 	C:\WINDOWS\System32\powrprof.dll
0x00007ffdd8c80000 - 0x00007ffdd8c90000 	C:\WINDOWS\System32\UMPDC.dll
0x00007ffddad40000 - 0x00007ffddad92000 	C:\WINDOWS\System32\shlwapi.dll
0x00007ffdd9aa0000 - 0x00007ffdd9ab7000 	C:\WINDOWS\System32\cryptsp.dll
0x00007ffdcc2e0000 - 0x00007ffdcc2f9000 	C:\Program Files\Java\jdk-11.0.2\bin\net.dll
0x00007ffdd4dd0000 - 0x00007ffdd4ec0000 	C:\WINDOWS\SYSTEM32\WINHTTP.dll
0x00007ffdd00f0000 - 0x00007ffdd02c6000 	C:\WINDOWS\SYSTEM32\urlmon.dll
0x00007ffdcfd90000 - 0x00007ffdd0036000 	C:\WINDOWS\SYSTEM32\iertutil.dll
0x00007ffdd86c0000 - 0x00007ffdd86cc000 	C:\WINDOWS\SYSTEM32\CRYPTBASE.DLL
0x00007ffdd84f0000 - 0x00007ffdd8557000 	C:\WINDOWS\system32\mswsock.dll
0x00007ffdcc2c0000 - 0x00007ffdcc2d3000 	C:\Program Files\Java\jdk-11.0.2\bin\nio.dll
0x00007ffdd2b30000 - 0x00007ffdd2b39000 	C:\Program Files\Java\jdk-11.0.2\bin\management.dll
0x00007ffdce990000 - 0x00007ffdce99c000 	C:\Program Files\Java\jdk-11.0.2\bin\management_ext.dll
0x00007ffdc9fe0000 - 0x00007ffdc9ff6000 	C:\WINDOWS\system32\napinsp.dll
0x00007ffdc9f40000 - 0x00007ffdc9f5a000 	C:\WINDOWS\system32\pnrpnsp.dll
0x00007ffdd8290000 - 0x00007ffdd835b000 	C:\WINDOWS\SYSTEM32\DNSAPI.dll
0x00007ffddaa50000 - 0x00007ffddaa58000 	C:\WINDOWS\System32\NSI.dll
0x00007ffdd8200000 - 0x00007ffdd823a000 	C:\WINDOWS\SYSTEM32\IPHLPAPI.DLL
0x00007ffdc9ee0000 - 0x00007ffdc9eee000 	C:\WINDOWS\System32\winrnr.dll
0x00007ffdd2d90000 - 0x00007ffdd2dac000 	C:\WINDOWS\system32\NLAapi.dll
0x00007ffdc9ec0000 - 0x00007ffdc9ed5000 	C:\WINDOWS\system32\wshbth.dll
0x00007ffdd1be0000 - 0x00007ffdd1bea000 	C:\Windows\System32\rasadhlp.dll
0x00007ffdd1fb0000 - 0x00007ffdd2027000 	C:\WINDOWS\System32\fwpuclnt.dll
0x00007ffdd9b40000 - 0x00007ffdd9b66000 	C:\WINDOWS\System32\bcrypt.dll
0x00007ffdd8060000 - 0x00007ffdd8093000 	C:\WINDOWS\system32\rsaenh.dll
0x00007ffdd8b70000 - 0x00007ffdd8b95000 	C:\WINDOWS\SYSTEM32\USERENV.dll
0x00007ffdd21e0000 - 0x00007ffdd21f6000 	C:\WINDOWS\SYSTEM32\dhcpcsvc6.DLL
0x00007ffdd21c0000 - 0x00007ffdd21dc000 	C:\WINDOWS\SYSTEM32\dhcpcsvc.DLL

dbghelp: loaded successfully - version: 4.0.5 - missing functions: none
symbol engine: initialized successfully - sym options: 0x614 - pdb path: .;C:\Program Files\Java\jdk-11.0.2\bin;C:\WINDOWS\SYSTEM32;C:\WINDOWS\WinSxS\amd64_microsoft.windows.common-controls_6595b64144ccf1df_6.0.18362.900_none_e6beb9d913147d17;C:\Program Files\Java\jdk-11.0.2\bin\server

VM Arguments:
jvm_args: -Dcom.sun.management.jmxremote -Dcom.sun.management.jmxremote.port=56618 -Dcom.sun.management.jmxremote.authenticate=false -Dcom.sun.management.jmxremote.ssl=false -Djava.rmi.server.hostname=localhost -Dspring.jmx.enabled=true -Dspring.application.admin.enabled=true -Xverify:none -XX:TieredStopAtLevel=1 -Dspring.boot.project.name=curso-spring-parte1 -Dfile.encoding=UTF-8 
java_command: br.com.daysesoares.CursoSpringParte1Application --spring.output.ansi.enabled=always
java_class_path (initial): C:\Users\dayse\Documents\workspaces\ws-spring\curso-spring-parte1\target\classes;C:\Users\dayse\.m2\repository\org\springframework\boot\spring-boot-starter-web\2.2.6.RELEASE\spring-boot-starter-web-2.2.6.RELEASE.jar;C:\Users\dayse\.m2\repository\org\springframework\boot\spring-boot-starter\2.2.6.RELEASE\spring-boot-starter-2.2.6.RELEASE.jar;C:\Users\dayse\.m2\repository\org\springframework\boot\spring-boot-starter-logging\2.2.6.RELEASE\spring-boot-starter-logging-2.2.6.RELEASE.jar;C:\Users\dayse\.m2\repository\ch\qos\logback\logback-classic\1.2.3\logback-classic-1.2.3.jar;C:\Users\dayse\.m2\repository\ch\qos\logback\logback-core\1.2.3\logback-core-1.2.3.jar;C:\Users\dayse\.m2\repository\org\apache\logging\log4j\log4j-to-slf4j\2.12.1\log4j-to-slf4j-2.12.1.jar;C:\Users\dayse\.m2\repository\org\apache\logging\log4j\log4j-api\2.12.1\log4j-api-2.12.1.jar;C:\Users\dayse\.m2\repository\org\slf4j\jul-to-slf4j\1.7.30\jul-to-slf4j-1.7.30.jar;C:\Users\dayse\.m2\repository\jakarta\annotation\jakarta.annotation-api\1.3.5\jakarta.annotation-api-1.3.5.jar;C:\Users\dayse\.m2\repository\org\yaml\snakeyaml\1.25\snakeyaml-1.25.jar;C:\Users\dayse\.m2\repository\org\springframework\boot\spring-boot-starter-json\2.2.6.RELEASE\spring-boot-starter-json-2.2.6.RELEASE.jar;C:\Users\dayse\.m2\repository\com\fasterxml\jackson\datatype\jackson-datatype-jdk8\2.10.3\jackson-datatype-jdk8-2.10.3.jar;C:\Users\dayse\.m2\repository\com\fasterxml\jackson\datatype\jackson-datatype-jsr310\2.10.3\jackson-datatype-jsr310-2.10.3.jar;C:\Users\dayse\.m2\repository\com\fasterxml\jackson\module\jackson-module-parameter-names\2.10.3\jackson-module-parameter-names-2.10.3.jar;C:\Users\dayse\.m2\repository\org\springframework\boot\spring-boot-starter-tomcat\2.2.6.RELEASE\spring-boot-starter-tomcat-2.2.6.RELEASE.jar;C:\Users\dayse\.m2\repository\org\apache\tomcat\embed\tomcat-embed-core\9.0.33\tomcat-embed-core-9.0.33.jar;C:\Users\dayse\.m2\repository\org\apache\tomcat\embed\tomcat-embed
Launcher Type: SUN_STANDARD

[Global flags]
     bool BytecodeVerificationLocal                = false                                     {product} {command line}
     bool BytecodeVerificationRemote               = false                                     {product} {command line}
     intx CICompilerCount                          = 3                                         {product} {ergonomic}
     uint ConcGCThreads                            = 1                                         {product} {ergonomic}
     uint G1ConcRefinementThreads                  = 4                                         {product} {ergonomic}
   size_t G1HeapRegionSize                         = 1048576                                   {product} {ergonomic}
    uintx GCDrainStackTargetSize                   = 64                                        {product} {ergonomic}
   size_t InitialHeapSize                          = 134217728                                 {product} {ergonomic}
     bool ManagementServer                         = true                                      {product} {command line}
   size_t MarkStackSize                            = 4194304                                   {product} {ergonomic}
   size_t MaxHeapSize                              = 2118123520                                {product} {ergonomic}
   size_t MaxNewSize                               = 1270874112                                {product} {ergonomic}
   size_t MinHeapDeltaBytes                        = 1048576                                   {product} {ergonomic}
    uintx NonNMethodCodeHeapSize                   = 6973028                                {pd product} {ergonomic}
    uintx NonProfiledCodeHeapSize                  = 244685212                              {pd product} {ergonomic}
    uintx ProfiledCodeHeapSize                     = 0                                      {pd product} {ergonomic}
    uintx ReservedCodeCacheSize                    = 251658240                              {pd product} {ergonomic}
     bool SegmentedCodeCache                       = true                                      {product} {ergonomic}
     intx TieredStopAtLevel                        = 1                                         {product} {command line}
     bool UseCompressedClassPointers               = true                                 {lp64_product} {ergonomic}
     bool UseCompressedOops                        = true                                 {lp64_product} {ergonomic}
     bool UseG1GC                                  = true                                      {product} {ergonomic}
     bool UseLargePagesIndividualAllocation        = false                                  {pd product} {ergonomic}

Logging:
Log output configuration:
 #0: stdout all=warning uptime,level,tags
 #1: stderr all=off uptime,level,tags

Environment Variables:
JAVA_HOME=C:\Program Files\Java\jdk-11.0.2
PATH=C:/Program Files/Java/jdk-11.0.2/bin/server;C:/Program Files/Java/jdk-11.0.2/bin;C:\Program Files\Java\jdk-11.0.2\bin;C:\ProgramData\Oracle\Java\javapath;C:\WINDOWS\system32;C:\WINDOWS;C:\WINDOWS\System32\Wbem;C:\WINDOWS\System32\WindowsPowerShell\v1.0\;C:\WINDOWS\System32\OpenSSH\;C:\Program Files\dotnet\;C:\Program Files\Microsoft SQL Server\130\Tools\Binn\;C:\Program Files\Git\cmd;C:\Program Files\Microsoft SQL Server\Client SDK\ODBC\110\Tools\Binn\;C:\Program Files (x86)\Microsoft SQL Server\120\Tools\Binn\;C:\Program Files\Microsoft SQL Server\120\Tools\Binn\;C:\Program Files\Microsoft SQL Server\120\DTS\Binn\;C:\Program Files (x86)\Microsoft SQL Server\120\Tools\Binn\ManagementStudio\;C:\Program Files (x86)\Microsoft SQL Server\120\DTS\Binn\;C:\Program Files\MySQL\MySQL Utilities 1.6\;C:\Program Files\MongoDB\Server\4.2\bin;C:\Program Files\MySQL\MySQL Server 8.0\bin;C:\ProgramData\chocolatey\bin;C:\Program Files\nodejs\;C:\Program Files\MySQL\MySQL Shell 8.0\bin\;C:\Program Files\JetBrains\IntelliJ IDEA Community Edition 2019.2\bin;;C:\Users\dayse\AppData\Local\Microsoft\WindowsApps;C:\Program Files\heroku\bin;C:\Users\dayse\Documents\WindowsPowerShell\Scripts;C:\Users\dayse\AppData\Local\Programs\Microsoft VS Code\bin;C:\Users\dayse\AppData\Roaming\npm;C:\Programas\Spring\sts-4.2.2.RELEASE;
USERNAME=dayse
OS=Windows_NT
PROCESSOR_IDENTIFIER=Intel64 Family 6 Model 69 Stepping 1, GenuineIntel



---------------  S Y S T E M  ---------------

OS: Windows 10 , 64 bit Build 18362 (10.0.18362.900)

CPU:total 4 (initial active 4) (2 cores per cpu, 2 threads per core) family 6 model 69 stepping 1, cmov, cx8, fxsr, mmx, sse, sse2, sse3, ssse3, sse4.1, sse4.2, popcnt, avx, avx2, aes, clmul, erms, lzcnt, ht, tsc, tscinvbit, bmi1, bmi2, fma

Memory: 4k page, system-wide physical 8072M (2210M free)
TotalPageFile size 13576M (AvailPageFile size 4537M)
current process WorkingSet (physical memory assigned to process): 82M, peak: 82M
current process commit charge ("private bytes"): 219M, peak: 219M

vm_info: Java HotSpot(TM) 64-Bit Server VM (11.0.2+9-LTS) for windows-amd64 JRE (11.0.2+9-LTS), built on Jan 18 2019 05:24:10 by "mach5one" with MS VC++ 15.5 (VS2017)

END.
